# JRE version: Java(TM) SE Runtime Environment (8.0_191-b12) (build 1.8.0_191-b12)
# Java VM: Java HotSpot(TM) 64-Bit Server VM (25.191-b12 mixed mode linux-amd64 compressed oops)
Heap:
 PSYoungGen      total 137216K, used 69922K [0x00000000d7100000, 0x00000000e3e80000, 0x0000000100000000)
  eden space 94208K, 28% used [0x00000000d7100000,0x00000000d8b99d90,0x00000000dcd00000)
  from space 43008K, 99% used [0x00000000e1480000,0x00000000e3e2edd8,0x00000000e3e80000)
  to   space 55808K, 0% used [0x00000000dd180000,0x00000000dd180000,0x00000000e0800000)
 ParOldGen       total 178176K, used 81357K [0x0000000085200000, 0x0000000090000000, 0x00000000d7100000)
  object space 178176K, 45% used [0x0000000085200000,0x000000008a173490,0x0000000090000000)
 Metaspace       used 23541K, capacity 25196K, committed 25472K, reserved 1071104K
  class space    used 3305K, capacity 3615K, committed 3712K, reserved 1048576K
GC Heap History (10 events):
Event: 6.150 GC heap before
{Heap before GC invocations=4 (full 0):
 PSYoungGen      total 36864K, used 7864K [0x00000000d7100000, 0x00000000db900000, 0x0000000100000000)
  eden space 31744K, 8% used [0x00000000d7100000,0x00000000d73b1590,0x00000000d9000000)
  from space 5120K, 99% used [0x00000000d9000000,0x00000000d94fcaa8,0x00000000d9500000)
  to   space 5120K, 0% used [0x00000000db400000,0x00000000db400000,0x00000000db900000)
 ParOldGen       total 84992K, used 33769K [0x0000000085200000, 0x000000008a500000, 0x00000000d7100000)
  object space 84992K, 39% used [0x0000000085200000,0x00000000872fa460,0x000000008a500000)
 Metaspace       used 20251K, capacity 21136K, committed 21248K, reserved 1067008K
  class space    used 2772K, capacity 3021K, committed 3072K, reserved 1048576K
Event: 6.154 GC heap after
Heap after GC invocations=4 (full 0):
 PSYoungGen      total 68608K, used 5088K [0x00000000d7100000, 0x00000000db900000, 0x0000000100000000)
  eden space 63488K, 0% used [0x00000000d7100000,0x00000000d7100000,0x00000000daf00000)
  from space 5120K, 99% used [0x00000000db400000,0x00000000db8f8060,0x00000000db900000)
  to   space 5120K, 0% used [0x00000000daf00000,0x00000000daf00000,0x00000000db400000)
 ParOldGen       total 84992K, used 35910K [0x0000000085200000, 0x000000008a500000, 0x00000000d7100000)
  object space 84992K, 42% used [0x0000000085200000,0x00000000875118e0,0x000000008a500000)
 Metaspace       used 20251K, capacity 21136K, committed 21248K, reserved 1067008K
  class space    used 2772K, capacity 3021K, committed 3072K, reserved 1048576K
}
Event: 6.154 GC heap before
{Heap before GC invocations=5 (full 1):
 PSYoungGen      total 68608K, used 5088K [0x00000000d7100000, 0x00000000db900000, 0x0000000100000000)
  eden space 63488K, 0% used [0x00000000d7100000,0x00000000d7100000,0x00000000daf00000)
  from space 5120K, 99% used [0x00000000db400000,0x00000000db8f8060,0x00000000db900000)
  to   space 5120K, 0% used [0x00000000daf00000,0x00000000daf00000,0x00000000db400000)
 ParOldGen       total 84992K, used 35910K [0x0000000085200000, 0x000000008a500000, 0x00000000d7100000)
  object space 84992K, 42% used [0x0000000085200000,0x00000000875118e0,0x000000008a500000)
 Metaspace       used 20251K, capacity 21136K, committed 21248K, reserved 1067008K
  class space    used 2772K, capacity 3021K, committed 3072K, reserved 1048576K
Event: 6.223 GC heap after
Heap after GC invocations=5 (full 1):
 PSYoungGen      total 68608K, used 0K [0x00000000d7100000, 0x00000000db900000, 0x0000000100000000)
  eden space 63488K, 0% used [0x00000000d7100000,0x00000000d7100000,0x00000000daf00000)
  from space 5120K, 0% used [0x00000000db400000,0x00000000db400000,0x00000000db900000)
  to   space 5120K, 0% used [0x00000000daf00000,0x00000000daf00000,0x00000000db400000)
 ParOldGen       total 101376K, used 39754K [0x0000000085200000, 0x000000008b500000, 0x00000000d7100000)
  object space 101376K, 39% used [0x0000000085200000,0x00000000878d2bd8,0x000000008b500000)
 Metaspace       used 20251K, capacity 21136K, committed 21248K, reserved 1067008K
  class space    used 2772K, capacity 3021K, committed 3072K, reserved 1048576K
}
Event: 6.523 GC heap before
{Heap before GC invocations=6 (full 1):
 PSYoungGen      total 68608K, used 63488K [0x00000000d7100000, 0x00000000db900000, 0x0000000100000000)
  eden space 63488K, 100% used [0x00000000d7100000,0x00000000daf00000,0x00000000daf00000)
  from space 5120K, 0% used [0x00000000db400000,0x00000000db400000,0x00000000db900000)
  to   space 5120K, 0% used [0x00000000daf00000,0x00000000daf00000,0x00000000db400000)
 ParOldGen       total 101376K, used 39754K [0x0000000085200000, 0x000000008b500000, 0x00000000d7100000)
  object space 101376K, 39% used [0x0000000085200000,0x00000000878d2bd8,0x000000008b500000)
 Metaspace       used 22197K, capacity 23468K, committed 23680K, reserved 1069056K
  class space    used 3094K, capacity 3367K, committed 3456K, reserved 1048576K
Event: 6.560 GC heap after
Heap after GC invocations=6 (full 1):
 PSYoungGen      total 68608K, used 5088K [0x00000000d7100000, 0x00000000e4300000, 0x0000000100000000)
  eden space 63488K, 0% used [0x00000000d7100000,0x00000000d7100000,0x00000000daf00000)
  from space 5120K, 99% used [0x00000000daf00000,0x00000000db3f8050,0x00000000db400000)
  to   space 47616K, 0% used [0x00000000e1480000,0x00000000e1480000,0x00000000e4300000)
 ParOldGen       total 101376K, used 77838K [0x0000000085200000, 0x000000008b500000, 0x00000000d7100000)
  object space 101376K, 76% used [0x0000000085200000,0x0000000089e039e8,0x000000008b500000)
 Metaspace       used 22197K, capacity 23468K, committed 23680K, reserved 1069056K
  class space    used 3094K, capacity 3367K, committed 3456K, reserved 1048576K
}
Event: 6.560 GC heap before
{Heap before GC invocations=7 (full 2):
 PSYoungGen      total 68608K, used 5088K [0x00000000d7100000, 0x00000000e4300000, 0x0000000100000000)
  eden space 63488K, 0% used [0x00000000d7100000,0x00000000d7100000,0x00000000daf00000)
  from space 5120K, 99% used [0x00000000daf00000,0x00000000db3f8050,0x00000000db400000)
  to   space 47616K, 0% used [0x00000000e1480000,0x00000000e1480000,0x00000000e4300000)
 ParOldGen       total 101376K, used 77838K [0x0000000085200000, 0x000000008b500000, 0x00000000d7100000)
  object space 101376K, 76% used [0x0000000085200000,0x0000000089e039e8,0x000000008b500000)
 Metaspace       used 22197K, capacity 23468K, committed 23680K, reserved 1069056K
  class space    used 3094K, capacity 3367K, committed 3456K, reserved 1048576K
Event: 6.623 GC heap after
Heap after GC invocations=7 (full 2):
 PSYoungGen      total 68608K, used 0K [0x00000000d7100000, 0x00000000e4300000, 0x0000000100000000)
  eden space 63488K, 0% used [0x00000000d7100000,0x00000000d7100000,0x00000000daf00000)
  from space 5120K, 0% used [0x00000000daf00000,0x00000000daf00000,0x00000000db400000)
  to   space 47616K, 0% used [0x00000000e1480000,0x00000000e1480000,0x00000000e4300000)
 ParOldGen       total 178176K, used 81349K [0x0000000085200000, 0x0000000090000000, 0x00000000d7100000)
  object space 178176K, 45% used [0x0000000085200000,0x000000008a171490,0x0000000090000000)
 Metaspace       used 22197K, capacity 23468K, committed 23680K, reserved 1069056K
  class space    used 3094K, capacity 3367K, committed 3456K, reserved 1048576K
}
Event: 6.898 GC heap before
{Heap before GC invocations=8 (full 2):
 PSYoungGen      total 68608K, used 63056K [0x00000000d7100000, 0x00000000e4300000, 0x0000000100000000)
  eden space 63488K, 99% used [0x00000000d7100000,0x00000000dae94178,0x00000000daf00000)
  from space 5120K, 0% used [0x00000000daf00000,0x00000000daf00000,0x00000000db400000)
  to   space 47616K, 0% used [0x00000000e1480000,0x00000000e1480000,0x00000000e4300000)
 ParOldGen       total 178176K, used 81349K [0x0000000085200000, 0x0000000090000000, 0x00000000d7100000)
  object space 178176K, 45% used [0x0000000085200000,0x000000008a171490,0x0000000090000000)
 Metaspace       used 22812K, capacity 24216K, committed 24448K, reserved 1071104K
  class space    used 3181K, capacity 3455K, committed 3456K, reserved 1048576K
Event: 6.923 GC heap after
Heap after GC invocations=8 (full 2):
 PSYoungGen      total 137216K, used 42683K [0x00000000d7100000, 0x00000000e3e80000, 0x0000000100000000)
  eden space 94208K, 0% used [0x00000000d7100000,0x00000000d7100000,0x00000000dcd00000)
  from space 43008K, 99% used [0x00000000e1480000,0x00000000e3e2edd8,0x00000000e3e80000)
  to   space 55808K, 0% used [0x00000000dd180000,0x00000000dd180000,0x00000000e0800000)
 ParOldGen       total 178176K, used 81357K [0x0000000085200000, 0x0000000090000000, 0x00000000d7100000)
  object space 178176K, 45% used [0x0000000085200000,0x000000008a173490,0x0000000090000000)
 Metaspace       used 22812K, capacity 24216K, committed 24448K, reserved 1071104K
  class space    used 3181K, capacity 3455K, committed 3456K, reserved 1048576K
}

