# JRE version: Java(TM) SE Runtime Environment (8.0_191-b12) (build 1.8.0_191-b12)
# Java VM: Java HotSpot(TM) 64-Bit Server VM (25.191-b12 mixed mode linux-amd64 compressed oops)
Heap:
 PSYoungGen      total 78848K, used 70488K [0x00000000d7100000, 0x00000000e0500000, 0x0000000100000000)
  eden space 45568K, 81% used [0x00000000d7100000,0x00000000d955b610,0x00000000d9d80000)
  from space 33280K, 99% used [0x00000000d9d80000,0x00000000dbdfaaf0,0x00000000dbe00000)
  to   space 45568K, 0% used [0x00000000dd880000,0x00000000dd880000,0x00000000e0500000)
 ParOldGen       total 177152K, used 86427K [0x0000000085200000, 0x000000008ff00000, 0x00000000d7100000)
  object space 177152K, 48% used [0x0000000085200000,0x000000008a666fa0,0x000000008ff00000)
 Metaspace       used 23660K, capacity 25426K, committed 25728K, reserved 1071104K
  class space    used 3310K, capacity 3628K, committed 3712K, reserved 1048576K
GC Heap History (10 events):
Event: 7.127 GC heap before
{Heap before GC invocations=5 (full 1):
 PSYoungGen      total 36864K, used 31286K [0x00000000d7100000, 0x00000000d9a00000, 0x0000000100000000)
  eden space 31744K, 98% used [0x00000000d7100000,0x00000000d8f8dba8,0x00000000d9000000)
  from space 5120K, 0% used [0x00000000d9000000,0x00000000d9000000,0x00000000d9500000)
  to   space 5120K, 0% used [0x00000000d9500000,0x00000000d9500000,0x00000000d9a00000)
 ParOldGen       total 95744K, used 30518K [0x0000000085200000, 0x000000008af80000, 0x00000000d7100000)
  object space 95744K, 31% used [0x0000000085200000,0x0000000086fcd8c8,0x000000008af80000)
 Metaspace       used 20622K, capacity 21618K, committed 21888K, reserved 1069056K
  class space    used 2853K, capacity 3076K, committed 3200K, reserved 1048576K
Event: 7.134 GC heap after
Heap after GC invocations=5 (full 1):
 PSYoungGen      total 36864K, used 5107K [0x00000000d7100000, 0x00000000db000000, 0x0000000100000000)
  eden space 31744K, 0% used [0x00000000d7100000,0x00000000d7100000,0x00000000d9000000)
  from space 5120K, 99% used [0x00000000d9500000,0x00000000d99fcd10,0x00000000d9a00000)
  to   space 5120K, 0% used [0x00000000d9000000,0x00000000d9000000,0x00000000d9500000)
 ParOldGen       total 95744K, used 49394K [0x0000000085200000, 0x000000008af80000, 0x00000000d7100000)
  object space 95744K, 51% used [0x0000000085200000,0x000000008823ca58,0x000000008af80000)
 Metaspace       used 20622K, capacity 21618K, committed 21888K, reserved 1069056K
  class space    used 2853K, capacity 3076K, committed 3200K, reserved 1048576K
}
Event: 7.352 GC heap before
{Heap before GC invocations=6 (full 1):
 PSYoungGen      total 36864K, used 36851K [0x00000000d7100000, 0x00000000db000000, 0x0000000100000000)
  eden space 31744K, 100% used [0x00000000d7100000,0x00000000d9000000,0x00000000d9000000)
  from space 5120K, 99% used [0x00000000d9500000,0x00000000d99fcd10,0x00000000d9a00000)
  to   space 5120K, 0% used [0x00000000d9000000,0x00000000d9000000,0x00000000d9500000)
 ParOldGen       total 95744K, used 49394K [0x0000000085200000, 0x000000008af80000, 0x00000000d7100000)
  object space 95744K, 51% used [0x0000000085200000,0x000000008823ca58,0x000000008af80000)
 Metaspace       used 22102K, capacity 23326K, committed 23552K, reserved 1069056K
  class space    used 3033K, capacity 3302K, committed 3328K, reserved 1048576K
Event: 7.361 GC heap after
Heap after GC invocations=6 (full 1):
 PSYoungGen      total 36864K, used 5089K [0x00000000d7100000, 0x00000000deb00000, 0x0000000100000000)
  eden space 31744K, 0% used [0x00000000d7100000,0x00000000d7100000,0x00000000d9000000)
  from space 5120K, 99% used [0x00000000d9000000,0x00000000d94f84b0,0x00000000d9500000)
  to   space 34304K, 0% used [0x00000000dc980000,0x00000000dc980000,0x00000000deb00000)
 ParOldGen       total 95744K, used 69749K [0x0000000085200000, 0x000000008af80000, 0x00000000d7100000)
  object space 95744K, 72% used [0x0000000085200000,0x000000008961d6b8,0x000000008af80000)
 Metaspace       used 22102K, capacity 23326K, committed 23552K, reserved 1069056K
  class space    used 3033K, capacity 3302K, committed 3328K, reserved 1048576K
}
Event: 7.361 GC heap before
{Heap before GC invocations=7 (full 2):
 PSYoungGen      total 36864K, used 5089K [0x00000000d7100000, 0x00000000deb00000, 0x0000000100000000)
  eden space 31744K, 0% used [0x00000000d7100000,0x00000000d7100000,0x00000000d9000000)
  from space 5120K, 99% used [0x00000000d9000000,0x00000000d94f84b0,0x00000000d9500000)
  to   space 34304K, 0% used [0x00000000dc980000,0x00000000dc980000,0x00000000deb00000)
 ParOldGen       total 95744K, used 69749K [0x0000000085200000, 0x000000008af80000, 0x00000000d7100000)
  object space 95744K, 72% used [0x0000000085200000,0x000000008961d6b8,0x000000008af80000)
 Metaspace       used 22102K, capacity 23326K, committed 23552K, reserved 1069056K
  class space    used 3033K, capacity 3302K, committed 3328K, reserved 1048576K
Event: 7.397 GC heap after
Heap after GC invocations=7 (full 2):
 PSYoungGen      total 36864K, used 0K [0x00000000d7100000, 0x00000000deb00000, 0x0000000100000000)
  eden space 31744K, 0% used [0x00000000d7100000,0x00000000d7100000,0x00000000d9000000)
  from space 5120K, 0% used [0x00000000d9000000,0x00000000d9000000,0x00000000d9500000)
  to   space 34304K, 0% used [0x00000000dc980000,0x00000000dc980000,0x00000000deb00000)
 ParOldGen       total 177152K, used 72874K [0x0000000085200000, 0x000000008ff00000, 0x00000000d7100000)
  object space 177152K, 41% used [0x0000000085200000,0x000000008992aa38,0x000000008ff00000)
 Metaspace       used 22102K, capacity 23326K, committed 23552K, reserved 1069056K
  class space    used 3033K, capacity 3302K, committed 3328K, reserved 1048576K
}
Event: 7.598 GC heap before
{Heap before GC invocations=8 (full 2):
 PSYoungGen      total 36864K, used 31744K [0x00000000d7100000, 0x00000000deb00000, 0x0000000100000000)
  eden space 31744K, 100% used [0x00000000d7100000,0x00000000d9000000,0x00000000d9000000)
  from space 5120K, 0% used [0x00000000d9000000,0x00000000d9000000,0x00000000d9500000)
  to   space 34304K, 0% used [0x00000000dc980000,0x00000000dc980000,0x00000000deb00000)
 ParOldGen       total 177152K, used 72874K [0x0000000085200000, 0x000000008ff00000, 0x00000000d7100000)
  object space 177152K, 41% used [0x0000000085200000,0x000000008992aa38,0x000000008ff00000)
 Metaspace       used 22672K, capacity 24052K, committed 24192K, reserved 1071104K
  class space    used 3150K, capacity 3419K, committed 3456K, reserved 1048576K
Event: 7.603 GC heap after
Heap after GC invocations=8 (full 2):
 PSYoungGen      total 63488K, used 21465K [0x00000000d7100000, 0x00000000dde80000, 0x0000000100000000)
  eden space 41984K, 0% used [0x00000000d7100000,0x00000000d7100000,0x00000000d9a00000)
  from space 21504K, 99% used [0x00000000dc980000,0x00000000dde767a8,0x00000000dde80000)
  to   space 33280K, 0% used [0x00000000d9d80000,0x00000000d9d80000,0x00000000dbe00000)
 ParOldGen       total 177152K, used 72882K [0x0000000085200000, 0x000000008ff00000, 0x00000000d7100000)
  object space 177152K, 41% used [0x0000000085200000,0x000000008992ca38,0x000000008ff00000)
 Metaspace       used 22672K, capacity 24052K, committed 24192K, reserved 1071104K
  class space    used 3150K, capacity 3419K, committed 3456K, reserved 1048576K
}
Event: 7.769 GC heap before
{Heap before GC invocations=9 (full 2):
 PSYoungGen      total 63488K, used 62576K [0x00000000d7100000, 0x00000000dde80000, 0x0000000100000000)
  eden space 41984K, 97% used [0x00000000d7100000,0x00000000d9925a30,0x00000000d9a00000)
  from space 21504K, 99% used [0x00000000dc980000,0x00000000dde767a8,0x00000000dde80000)
  to   space 33280K, 0% used [0x00000000d9d80000,0x00000000d9d80000,0x00000000dbe00000)
 ParOldGen       total 177152K, used 72882K [0x0000000085200000, 0x000000008ff00000, 0x00000000d7100000)
  object space 177152K, 41% used [0x0000000085200000,0x000000008992ca38,0x000000008ff00000)
 Metaspace       used 22949K, capacity 24440K, committed 24576K, reserved 1071104K
  class space    used 3186K, capacity 3467K, committed 3584K, reserved 1048576K
Event: 7.781 GC heap after
Heap after GC invocations=9 (full 2):
 PSYoungGen      total 78848K, used 33258K [0x00000000d7100000, 0x00000000e0500000, 0x0000000100000000)
  eden space 45568K, 0% used [0x00000000d7100000,0x00000000d7100000,0x00000000d9d80000)
  from space 33280K, 99% used [0x00000000d9d80000,0x00000000dbdfaaf0,0x00000000dbe00000)
  to   space 45568K, 0% used [0x00000000dd880000,0x00000000dd880000,0x00000000e0500000)
 ParOldGen       total 177152K, used 86427K [0x0000000085200000, 0x000000008ff00000, 0x00000000d7100000)
  object space 177152K, 48% used [0x0000000085200000,0x000000008a666fa0,0x000000008ff00000)
 Metaspace       used 22949K, capacity 24440K, committed 24576K, reserved 1071104K
  class space    used 3186K, capacity 3467K, committed 3584K, reserved 1048576K
}

