# JRE version: Java(TM) SE Runtime Environment (8.0_191-b12) (build 1.8.0_191-b12)
# Java VM: Java HotSpot(TM) 64-Bit Server VM (25.191-b12 mixed mode linux-amd64 compressed oops)
Heap:
 PSYoungGen      total 124928K, used 110874K [0x00000000d7100000, 0x00000000df700000, 0x0000000100000000)
  eden space 119808K, 92% used [0x00000000d7100000,0x00000000ddd46950,0x00000000de600000)
  from space 5120K, 0% used [0x00000000df200000,0x00000000df200000,0x00000000df700000)
  to   space 5120K, 0% used [0x00000000ded00000,0x00000000ded00000,0x00000000df200000)
 ParOldGen       total 152064K, used 64306K [0x0000000085200000, 0x000000008e680000, 0x00000000d7100000)
  object space 152064K, 42% used [0x0000000085200000,0x00000000890ccaa8,0x000000008e680000)
 Metaspace       used 23782K, capacity 25556K, committed 25728K, reserved 1071104K
  class space    used 3330K, capacity 3667K, committed 3712K, reserved 1048576K
GC Heap History (10 events):
Event: 7.972 GC heap before
{Heap before GC invocations=2 (full 0):
 PSYoungGen      total 36864K, used 36643K [0x00000000d7100000, 0x00000000db900000, 0x0000000100000000)
  eden space 31744K, 99% used [0x00000000d7100000,0x00000000d8fd0ee0,0x00000000d9000000)
  from space 5120K, 99% used [0x00000000d9000000,0x00000000d94f8050,0x00000000d9500000)
  to   space 5120K, 0% used [0x00000000db400000,0x00000000db400000,0x00000000db900000)
 ParOldGen       total 84992K, used 1074K [0x0000000085200000, 0x000000008a500000, 0x00000000d7100000)
  object space 84992K, 1% used [0x0000000085200000,0x000000008530c9f0,0x000000008a500000)
 Metaspace       used 19682K, capacity 20554K, committed 20736K, reserved 1067008K
  class space    used 2723K, capacity 2950K, committed 3072K, reserved 1048576K
Event: 8.015 GC heap after
Heap after GC invocations=2 (full 0):
 PSYoungGen      total 68608K, used 5104K [0x00000000d7100000, 0x00000000db900000, 0x0000000100000000)
  eden space 63488K, 0% used [0x00000000d7100000,0x00000000d7100000,0x00000000daf00000)
  from space 5120K, 99% used [0x00000000db400000,0x00000000db8fc068,0x00000000db900000)
  to   space 5120K, 0% used [0x00000000daf00000,0x00000000daf00000,0x00000000db400000)
 ParOldGen       total 84992K, used 11801K [0x0000000085200000, 0x000000008a500000, 0x00000000d7100000)
  object space 84992K, 13% used [0x0000000085200000,0x0000000085d866c0,0x000000008a500000)
 Metaspace       used 19682K, capacity 20554K, committed 20736K, reserved 1067008K
  class space    used 2723K, capacity 2950K, committed 3072K, reserved 1048576K
}
Event: 8.286 GC heap before
{Heap before GC invocations=3 (full 0):
 PSYoungGen      total 68608K, used 27594K [0x00000000d7100000, 0x00000000db900000, 0x0000000100000000)
  eden space 63488K, 35% used [0x00000000d7100000,0x00000000d86f6aa0,0x00000000daf00000)
  from space 5120K, 99% used [0x00000000db400000,0x00000000db8fc068,0x00000000db900000)
  to   space 5120K, 0% used [0x00000000daf00000,0x00000000daf00000,0x00000000db400000)
 ParOldGen       total 84992K, used 11801K [0x0000000085200000, 0x000000008a500000, 0x00000000d7100000)
  object space 84992K, 13% used [0x0000000085200000,0x0000000085d866c0,0x000000008a500000)
 Metaspace       used 20186K, capacity 21140K, committed 21248K, reserved 1067008K
  class space    used 2768K, capacity 3021K, committed 3072K, reserved 1048576K
Event: 8.321 GC heap after
Heap after GC invocations=3 (full 0):
 PSYoungGen      total 68608K, used 5112K [0x00000000d7100000, 0x00000000df700000, 0x0000000100000000)
  eden space 63488K, 0% used [0x00000000d7100000,0x00000000d7100000,0x00000000daf00000)
  from space 5120K, 99% used [0x00000000daf00000,0x00000000db3fe210,0x00000000db400000)
  to   space 5120K, 0% used [0x00000000df200000,0x00000000df200000,0x00000000df700000)
 ParOldGen       total 84992K, used 26389K [0x0000000085200000, 0x000000008a500000, 0x00000000d7100000)
  object space 84992K, 31% used [0x0000000085200000,0x0000000086bc55c8,0x000000008a500000)
 Metaspace       used 20186K, capacity 21140K, committed 21248K, reserved 1067008K
  class space    used 2768K, capacity 3021K, committed 3072K, reserved 1048576K
}
Event: 8.321 GC heap before
{Heap before GC invocations=4 (full 1):
 PSYoungGen      total 68608K, used 5112K [0x00000000d7100000, 0x00000000df700000, 0x0000000100000000)
  eden space 63488K, 0% used [0x00000000d7100000,0x00000000d7100000,0x00000000daf00000)
  from space 5120K, 99% used [0x00000000daf00000,0x00000000db3fe210,0x00000000db400000)
  to   space 5120K, 0% used [0x00000000df200000,0x00000000df200000,0x00000000df700000)
 ParOldGen       total 84992K, used 26389K [0x0000000085200000, 0x000000008a500000, 0x00000000d7100000)
  object space 84992K, 31% used [0x0000000085200000,0x0000000086bc55c8,0x000000008a500000)
 Metaspace       used 20186K, capacity 21140K, committed 21248K, reserved 1067008K
  class space    used 2768K, capacity 3021K, committed 3072K, reserved 1048576K
Event: 8.371 GC heap after
Heap after GC invocations=4 (full 1):
 PSYoungGen      total 68608K, used 0K [0x00000000d7100000, 0x00000000df700000, 0x0000000100000000)
  eden space 63488K, 0% used [0x00000000d7100000,0x00000000d7100000,0x00000000daf00000)
  from space 5120K, 0% used [0x00000000daf00000,0x00000000daf00000,0x00000000db400000)
  to   space 5120K, 0% used [0x00000000df200000,0x00000000df200000,0x00000000df700000)
 ParOldGen       total 86528K, used 30796K [0x0000000085200000, 0x000000008a680000, 0x00000000d7100000)
  object space 86528K, 35% used [0x0000000085200000,0x0000000087013240,0x000000008a680000)
 Metaspace       used 20186K, capacity 21140K, committed 21248K, reserved 1067008K
  class space    used 2768K, capacity 3021K, committed 3072K, reserved 1048576K
}
Event: 8.932 GC heap before
{Heap before GC invocations=5 (full 1):
 PSYoungGen      total 68608K, used 63469K [0x00000000d7100000, 0x00000000df700000, 0x0000000100000000)
  eden space 63488K, 99% used [0x00000000d7100000,0x00000000daefb598,0x00000000daf00000)
  from space 5120K, 0% used [0x00000000daf00000,0x00000000daf00000,0x00000000db400000)
  to   space 5120K, 0% used [0x00000000df200000,0x00000000df200000,0x00000000df700000)
 ParOldGen       total 86528K, used 30796K [0x0000000085200000, 0x000000008a680000, 0x00000000d7100000)
  object space 86528K, 35% used [0x0000000085200000,0x0000000087013240,0x000000008a680000)
 Metaspace       used 22159K, capacity 23448K, committed 23552K, reserved 1069056K
  class space    used 3034K, capacity 3303K, committed 3328K, reserved 1048576K
Event: 8.956 GC heap after
Heap after GC invocations=5 (full 1):
 PSYoungGen      total 124928K, used 5105K [0x00000000d7100000, 0x00000000df700000, 0x0000000100000000)
  eden space 119808K, 0% used [0x00000000d7100000,0x00000000d7100000,0x00000000de600000)
  from space 5120K, 99% used [0x00000000df200000,0x00000000df6fc4b0,0x00000000df700000)
  to   space 5120K, 0% used [0x00000000ded00000,0x00000000ded00000,0x00000000df200000)
 ParOldGen       total 86528K, used 61102K [0x0000000085200000, 0x000000008a680000, 0x00000000d7100000)
  object space 86528K, 70% used [0x0000000085200000,0x0000000088dab888,0x000000008a680000)
 Metaspace       used 22159K, capacity 23448K, committed 23552K, reserved 1069056K
  class space    used 3034K, capacity 3303K, committed 3328K, reserved 1048576K
}
Event: 8.956 GC heap before
{Heap before GC invocations=6 (full 2):
 PSYoungGen      total 124928K, used 5105K [0x00000000d7100000, 0x00000000df700000, 0x0000000100000000)
  eden space 119808K, 0% used [0x00000000d7100000,0x00000000d7100000,0x00000000de600000)
  from space 5120K, 99% used [0x00000000df200000,0x00000000df6fc4b0,0x00000000df700000)
  to   space 5120K, 0% used [0x00000000ded00000,0x00000000ded00000,0x00000000df200000)
 ParOldGen       total 86528K, used 61102K [0x0000000085200000, 0x000000008a680000, 0x00000000d7100000)
  object space 86528K, 70% used [0x0000000085200000,0x0000000088dab888,0x000000008a680000)
 Metaspace       used 22159K, capacity 23448K, committed 23552K, reserved 1069056K
  class space    used 3034K, capacity 3303K, committed 3328K, reserved 1048576K
Event: 9.002 GC heap after
Heap after GC invocations=6 (full 2):
 PSYoungGen      total 124928K, used 0K [0x00000000d7100000, 0x00000000df700000, 0x0000000100000000)
  eden space 119808K, 0% used [0x00000000d7100000,0x00000000d7100000,0x00000000de600000)
  from space 5120K, 0% used [0x00000000df200000,0x00000000df200000,0x00000000df700000)
  to   space 5120K, 0% used [0x00000000ded00000,0x00000000ded00000,0x00000000df200000)
 ParOldGen       total 152064K, used 64306K [0x0000000085200000, 0x000000008e680000, 0x00000000d7100000)
  object space 152064K, 42% used [0x0000000085200000,0x00000000890ccaa8,0x000000008e680000)
 Metaspace       used 22159K, capacity 23448K, committed 23552K, reserved 1069056K
  class space    used 3034K, capacity 3303K, committed 3328K, reserved 1048576K
}

