# JRE version: Java(TM) SE Runtime Environment (8.0_191-b12) (build 1.8.0_191-b12)
# Java VM: Java HotSpot(TM) 64-Bit Server VM (25.191-b12 mixed mode linux-amd64 compressed oops)
Heap:
 PSYoungGen      total 140288K, used 52085K [0x00000000d7100000, 0x00000000e4200000, 0x0000000100000000)
  eden space 96256K, 8% used [0x00000000d7100000,0x00000000d7946300,0x00000000dcf00000)
  from space 44032K, 99% used [0x00000000e1700000,0x00000000e4197480,0x00000000e4200000)
  to   space 56832K, 0% used [0x00000000dd300000,0x00000000dd300000,0x00000000e0a80000)
 ParOldGen       total 172544K, used 78881K [0x0000000085200000, 0x000000008fa80000, 0x00000000d7100000)
  object space 172544K, 45% used [0x0000000085200000,0x0000000089f084b0,0x000000008fa80000)
 Metaspace       used 23207K, capacity 24800K, committed 24832K, reserved 1071104K
  class space    used 3271K, capacity 3563K, committed 3584K, reserved 1048576K
GC Heap History (10 events):
Event: 6.568 GC heap before
{Heap before GC invocations=4 (full 0):
 PSYoungGen      total 36864K, used 6388K [0x00000000d7100000, 0x00000000db900000, 0x0000000100000000)
  eden space 31744K, 4% used [0x00000000d7100000,0x00000000d7245118,0x00000000d9000000)
  from space 5120K, 99% used [0x00000000d9000000,0x00000000d94f8048,0x00000000d9500000)
  to   space 5120K, 0% used [0x00000000db400000,0x00000000db400000,0x00000000db900000)
 ParOldGen       total 84992K, used 36534K [0x0000000085200000, 0x000000008a500000, 0x00000000d7100000)
  object space 84992K, 42% used [0x0000000085200000,0x00000000875ada58,0x000000008a500000)
 Metaspace       used 20379K, capacity 21278K, committed 21296K, reserved 1067008K
  class space    used 2820K, capacity 3054K, committed 3072K, reserved 1048576K
Event: 6.574 GC heap after
Heap after GC invocations=4 (full 0):
 PSYoungGen      total 68608K, used 5088K [0x00000000d7100000, 0x00000000db900000, 0x0000000100000000)
  eden space 63488K, 0% used [0x00000000d7100000,0x00000000d7100000,0x00000000daf00000)
  from space 5120K, 99% used [0x00000000db400000,0x00000000db8f8068,0x00000000db900000)
  to   space 5120K, 0% used [0x00000000daf00000,0x00000000daf00000,0x00000000db400000)
 ParOldGen       total 84992K, used 36728K [0x0000000085200000, 0x000000008a500000, 0x00000000d7100000)
  object space 84992K, 43% used [0x0000000085200000,0x00000000875de0f0,0x000000008a500000)
 Metaspace       used 20379K, capacity 21278K, committed 21296K, reserved 1067008K
  class space    used 2820K, capacity 3054K, committed 3072K, reserved 1048576K
}
Event: 6.574 GC heap before
{Heap before GC invocations=5 (full 1):
 PSYoungGen      total 68608K, used 5088K [0x00000000d7100000, 0x00000000db900000, 0x0000000100000000)
  eden space 63488K, 0% used [0x00000000d7100000,0x00000000d7100000,0x00000000daf00000)
  from space 5120K, 99% used [0x00000000db400000,0x00000000db8f8068,0x00000000db900000)
  to   space 5120K, 0% used [0x00000000daf00000,0x00000000daf00000,0x00000000db400000)
 ParOldGen       total 84992K, used 36728K [0x0000000085200000, 0x000000008a500000, 0x00000000d7100000)
  object space 84992K, 43% used [0x0000000085200000,0x00000000875de0f0,0x000000008a500000)
 Metaspace       used 20379K, capacity 21278K, committed 21296K, reserved 1067008K
  class space    used 2820K, capacity 3054K, committed 3072K, reserved 1048576K
Event: 6.625 GC heap after
Heap after GC invocations=5 (full 1):
 PSYoungGen      total 68608K, used 0K [0x00000000d7100000, 0x00000000db900000, 0x0000000100000000)
  eden space 63488K, 0% used [0x00000000d7100000,0x00000000d7100000,0x00000000daf00000)
  from space 5120K, 0% used [0x00000000db400000,0x00000000db400000,0x00000000db900000)
  to   space 5120K, 0% used [0x00000000daf00000,0x00000000daf00000,0x00000000db400000)
 ParOldGen       total 102912K, used 39193K [0x0000000085200000, 0x000000008b680000, 0x00000000d7100000)
  object space 102912K, 38% used [0x0000000085200000,0x00000000878466f0,0x000000008b680000)
 Metaspace       used 20379K, capacity 21278K, committed 21296K, reserved 1067008K
  class space    used 2820K, capacity 3054K, committed 3072K, reserved 1048576K
}
Event: 6.931 GC heap before
{Heap before GC invocations=6 (full 1):
 PSYoungGen      total 68608K, used 63488K [0x00000000d7100000, 0x00000000db900000, 0x0000000100000000)
  eden space 63488K, 100% used [0x00000000d7100000,0x00000000daf00000,0x00000000daf00000)
  from space 5120K, 0% used [0x00000000db400000,0x00000000db400000,0x00000000db900000)
  to   space 5120K, 0% used [0x00000000daf00000,0x00000000daf00000,0x00000000db400000)
 ParOldGen       total 102912K, used 39193K [0x0000000085200000, 0x000000008b680000, 0x00000000d7100000)
  object space 102912K, 38% used [0x0000000085200000,0x00000000878466f0,0x000000008b680000)
 Metaspace       used 22347K, capacity 23638K, committed 23936K, reserved 1069056K
  class space    used 3114K, capacity 3384K, committed 3456K, reserved 1048576K
Event: 6.959 GC heap after
Heap after GC invocations=6 (full 1):
 PSYoungGen      total 68608K, used 5088K [0x00000000d7100000, 0x00000000e4580000, 0x0000000100000000)
  eden space 63488K, 0% used [0x00000000d7100000,0x00000000d7100000,0x00000000daf00000)
  from space 5120K, 99% used [0x00000000daf00000,0x00000000db3f8050,0x00000000db400000)
  to   space 47616K, 0% used [0x00000000e1700000,0x00000000e1700000,0x00000000e4580000)
 ParOldGen       total 102912K, used 74011K [0x0000000085200000, 0x000000008b680000, 0x00000000d7100000)
  object space 102912K, 71% used [0x0000000085200000,0x0000000089a46df8,0x000000008b680000)
 Metaspace       used 22347K, capacity 23638K, committed 23936K, reserved 1069056K
  class space    used 3114K, capacity 3384K, committed 3456K, reserved 1048576K
}
Event: 6.959 GC heap before
{Heap before GC invocations=7 (full 2):
 PSYoungGen      total 68608K, used 5088K [0x00000000d7100000, 0x00000000e4580000, 0x0000000100000000)
  eden space 63488K, 0% used [0x00000000d7100000,0x00000000d7100000,0x00000000daf00000)
  from space 5120K, 99% used [0x00000000daf00000,0x00000000db3f8050,0x00000000db400000)
  to   space 47616K, 0% used [0x00000000e1700000,0x00000000e1700000,0x00000000e4580000)
 ParOldGen       total 102912K, used 74011K [0x0000000085200000, 0x000000008b680000, 0x00000000d7100000)
  object space 102912K, 71% used [0x0000000085200000,0x0000000089a46df8,0x000000008b680000)
 Metaspace       used 22347K, capacity 23638K, committed 23936K, reserved 1069056K
  class space    used 3114K, capacity 3384K, committed 3456K, reserved 1048576K
Event: 7.023 GC heap after
Heap after GC invocations=7 (full 2):
 PSYoungGen      total 68608K, used 0K [0x00000000d7100000, 0x00000000e4580000, 0x0000000100000000)
  eden space 63488K, 0% used [0x00000000d7100000,0x00000000d7100000,0x00000000daf00000)
  from space 5120K, 0% used [0x00000000daf00000,0x00000000daf00000,0x00000000db400000)
  to   space 47616K, 0% used [0x00000000e1700000,0x00000000e1700000,0x00000000e4580000)
 ParOldGen       total 172544K, used 78873K [0x0000000085200000, 0x000000008fa80000, 0x00000000d7100000)
  object space 172544K, 45% used [0x0000000085200000,0x0000000089f064b0,0x000000008fa80000)
 Metaspace       used 22347K, capacity 23638K, committed 23936K, reserved 1069056K
  class space    used 3114K, capacity 3384K, committed 3456K, reserved 1048576K
}
Event: 7.265 GC heap before
{Heap before GC invocations=8 (full 2):
 PSYoungGen      total 68608K, used 63244K [0x00000000d7100000, 0x00000000e4580000, 0x0000000100000000)
  eden space 63488K, 99% used [0x00000000d7100000,0x00000000daec3010,0x00000000daf00000)
  from space 5120K, 0% used [0x00000000daf00000,0x00000000daf00000,0x00000000db400000)
  to   space 47616K, 0% used [0x00000000e1700000,0x00000000e1700000,0x00000000e4580000)
 ParOldGen       total 172544K, used 78873K [0x0000000085200000, 0x000000008fa80000, 0x00000000d7100000)
  object space 172544K, 45% used [0x0000000085200000,0x0000000089f064b0,0x000000008fa80000)
 Metaspace       used 22704K, capacity 24172K, committed 24320K, reserved 1071104K
  class space    used 3166K, capacity 3461K, committed 3584K, reserved 1048576K
Event: 7.292 GC heap after
Heap after GC invocations=8 (full 2):
 PSYoungGen      total 140288K, used 43613K [0x00000000d7100000, 0x00000000e4200000, 0x0000000100000000)
  eden space 96256K, 0% used [0x00000000d7100000,0x00000000d7100000,0x00000000dcf00000)
  from space 44032K, 99% used [0x00000000e1700000,0x00000000e4197480,0x00000000e4200000)
  to   space 56832K, 0% used [0x00000000dd300000,0x00000000dd300000,0x00000000e0a80000)
 ParOldGen       total 172544K, used 78881K [0x0000000085200000, 0x000000008fa80000, 0x00000000d7100000)
  object space 172544K, 45% used [0x0000000085200000,0x0000000089f084b0,0x000000008fa80000)
 Metaspace       used 22704K, capacity 24172K, committed 24320K, reserved 1071104K
  class space    used 3166K, capacity 3461K, committed 3584K, reserved 1048576K
}

