# JRE version: Java(TM) SE Runtime Environment (8.0_191-b12) (build 1.8.0_191-b12)
# Java VM: Java HotSpot(TM) 64-Bit Server VM (25.191-b12 mixed mode linux-amd64 compressed oops)
Heap:
 PSYoungGen      total 118272K, used 83658K [0x00000000d7100000, 0x00000000e2580000, 0x0000000100000000)
  eden space 79360K, 56% used [0x00000000d7100000,0x00000000d9cb3dc0,0x00000000dbe80000)
  from space 38912K, 99% used [0x00000000dee00000,0x00000000e13feb00,0x00000000e1400000)
  to   space 48640K, 0% used [0x00000000dbe80000,0x00000000dbe80000,0x00000000dee00000)
 ParOldGen       total 178688K, used 77269K [0x0000000085200000, 0x0000000090080000, 0x00000000d7100000)
  object space 178688K, 43% used [0x0000000085200000,0x0000000089d75750,0x0000000090080000)
 Metaspace       used 23714K, capacity 25434K, committed 25648K, reserved 1071104K
  class space    used 3324K, capacity 3630K, committed 3632K, reserved 1048576K
GC Heap History (10 events):
Event: 4.754 GC heap before
{Heap before GC invocations=4 (full 1):
 PSYoungGen      total 36864K, used 5104K [0x00000000d7100000, 0x00000000db900000, 0x0000000100000000)
  eden space 31744K, 0% used [0x00000000d7100000,0x00000000d7100000,0x00000000d9000000)
  from space 5120K, 99% used [0x00000000d9000000,0x00000000d94fc088,0x00000000d9500000)
  to   space 5120K, 0% used [0x00000000db400000,0x00000000db400000,0x00000000db900000)
 ParOldGen       total 84992K, used 17590K [0x0000000085200000, 0x000000008a500000, 0x00000000d7100000)
  object space 84992K, 20% used [0x0000000085200000,0x000000008632dab8,0x000000008a500000)
 Metaspace       used 20290K, capacity 21212K, committed 21296K, reserved 1067008K
  class space    used 2824K, capacity 3075K, committed 3120K, reserved 1048576K
Event: 4.806 GC heap after
Heap after GC invocations=4 (full 1):
 PSYoungGen      total 36864K, used 0K [0x00000000d7100000, 0x00000000db900000, 0x0000000100000000)
  eden space 31744K, 0% used [0x00000000d7100000,0x00000000d7100000,0x00000000d9000000)
  from space 5120K, 0% used [0x00000000d9000000,0x00000000d9000000,0x00000000d9500000)
  to   space 5120K, 0% used [0x00000000db400000,0x00000000db400000,0x00000000db900000)
 ParOldGen       total 75776K, used 21949K [0x0000000085200000, 0x0000000089c00000, 0x00000000d7100000)
  object space 75776K, 28% used [0x0000000085200000,0x000000008676f510,0x0000000089c00000)
 Metaspace       used 20290K, capacity 21212K, committed 21296K, reserved 1067008K
  class space    used 2824K, capacity 3075K, committed 3120K, reserved 1048576K
}
Event: 5.006 GC heap before
{Heap before GC invocations=5 (full 1):
 PSYoungGen      total 36864K, used 31200K [0x00000000d7100000, 0x00000000db900000, 0x0000000100000000)
  eden space 31744K, 98% used [0x00000000d7100000,0x00000000d8f780a0,0x00000000d9000000)
  from space 5120K, 0% used [0x00000000d9000000,0x00000000d9000000,0x00000000d9500000)
  to   space 5120K, 0% used [0x00000000db400000,0x00000000db400000,0x00000000db900000)
 ParOldGen       total 75776K, used 21949K [0x0000000085200000, 0x0000000089c00000, 0x00000000d7100000)
  object space 75776K, 28% used [0x0000000085200000,0x000000008676f510,0x0000000089c00000)
 Metaspace       used 20819K, capacity 21874K, committed 22192K, reserved 1069056K
  class space    used 2903K, capacity 3174K, committed 3248K, reserved 1048576K
Event: 5.010 GC heap after
Heap after GC invocations=5 (full 1):
 PSYoungGen      total 57856K, used 5088K [0x00000000d7100000, 0x00000000db900000, 0x0000000100000000)
  eden space 52736K, 0% used [0x00000000d7100000,0x00000000d7100000,0x00000000da480000)
  from space 5120K, 99% used [0x00000000db400000,0x00000000db8f8060,0x00000000db900000)
  to   space 5120K, 0% used [0x00000000daf00000,0x00000000daf00000,0x00000000db400000)
 ParOldGen       total 75776K, used 38235K [0x0000000085200000, 0x0000000089c00000, 0x00000000d7100000)
  object space 75776K, 50% used [0x0000000085200000,0x0000000087756e40,0x0000000089c00000)
 Metaspace       used 20819K, capacity 21874K, committed 22192K, reserved 1069056K
  class space    used 2903K, capacity 3174K, committed 3248K, reserved 1048576K
}
Event: 5.375 GC heap before
{Heap before GC invocations=6 (full 1):
 PSYoungGen      total 57856K, used 57107K [0x00000000d7100000, 0x00000000db900000, 0x0000000100000000)
  eden space 52736K, 98% used [0x00000000d7100000,0x00000000da3ccdb0,0x00000000da480000)
  from space 5120K, 99% used [0x00000000db400000,0x00000000db8f8060,0x00000000db900000)
  to   space 5120K, 0% used [0x00000000daf00000,0x00000000daf00000,0x00000000db400000)
 ParOldGen       total 75776K, used 38235K [0x0000000085200000, 0x0000000089c00000, 0x00000000d7100000)
  object space 75776K, 50% used [0x0000000085200000,0x0000000087756e40,0x0000000089c00000)
 Metaspace       used 22611K, capacity 23892K, committed 24240K, reserved 1071104K
  class space    used 3144K, capacity 3387K, committed 3504K, reserved 1048576K
Event: 5.387 GC heap after
Heap after GC invocations=6 (full 1):
 PSYoungGen      total 68608K, used 5088K [0x00000000d7100000, 0x00000000e1400000, 0x0000000100000000)
  eden space 63488K, 0% used [0x00000000d7100000,0x00000000d7100000,0x00000000daf00000)
  from space 5120K, 99% used [0x00000000daf00000,0x00000000db3f8050,0x00000000db400000)
  to   space 38912K, 0% used [0x00000000dee00000,0x00000000dee00000,0x00000000e1400000)
 ParOldGen       total 75776K, used 72395K [0x0000000085200000, 0x0000000089c00000, 0x00000000d7100000)
  object space 75776K, 95% used [0x0000000085200000,0x00000000898b2e58,0x0000000089c00000)
 Metaspace       used 22611K, capacity 23892K, committed 24240K, reserved 1071104K
  class space    used 3144K, capacity 3387K, committed 3504K, reserved 1048576K
}
Event: 5.387 GC heap before
{Heap before GC invocations=7 (full 2):
 PSYoungGen      total 68608K, used 5088K [0x00000000d7100000, 0x00000000e1400000, 0x0000000100000000)
  eden space 63488K, 0% used [0x00000000d7100000,0x00000000d7100000,0x00000000daf00000)
  from space 5120K, 99% used [0x00000000daf00000,0x00000000db3f8050,0x00000000db400000)
  to   space 38912K, 0% used [0x00000000dee00000,0x00000000dee00000,0x00000000e1400000)
 ParOldGen       total 75776K, used 72395K [0x0000000085200000, 0x0000000089c00000, 0x00000000d7100000)
  object space 75776K, 95% used [0x0000000085200000,0x00000000898b2e58,0x0000000089c00000)
 Metaspace       used 22611K, capacity 23892K, committed 24240K, reserved 1071104K
  class space    used 3144K, capacity 3387K, committed 3504K, reserved 1048576K
Event: 5.430 GC heap after
Heap after GC invocations=7 (full 2):
 PSYoungGen      total 68608K, used 0K [0x00000000d7100000, 0x00000000e1400000, 0x0000000100000000)
  eden space 63488K, 0% used [0x00000000d7100000,0x00000000d7100000,0x00000000daf00000)
  from space 5120K, 0% used [0x00000000daf00000,0x00000000daf00000,0x00000000db400000)
  to   space 38912K, 0% used [0x00000000dee00000,0x00000000dee00000,0x00000000e1400000)
 ParOldGen       total 178688K, used 75030K [0x0000000085200000, 0x0000000090080000, 0x00000000d7100000)
  object space 178688K, 41% used [0x0000000085200000,0x0000000089b45878,0x0000000090080000)
 Metaspace       used 22611K, capacity 23892K, committed 24240K, reserved 1071104K
  class space    used 3144K, capacity 3387K, committed 3504K, reserved 1048576K
}
Event: 5.741 GC heap before
{Heap before GC invocations=8 (full 2):
 PSYoungGen      total 68608K, used 63488K [0x00000000d7100000, 0x00000000e1400000, 0x0000000100000000)
  eden space 63488K, 100% used [0x00000000d7100000,0x00000000daf00000,0x00000000daf00000)
  from space 5120K, 0% used [0x00000000daf00000,0x00000000daf00000,0x00000000db400000)
  to   space 38912K, 0% used [0x00000000dee00000,0x00000000dee00000,0x00000000e1400000)
 ParOldGen       total 178688K, used 75030K [0x0000000085200000, 0x0000000090080000, 0x00000000d7100000)
  object space 178688K, 41% used [0x0000000085200000,0x0000000089b45878,0x0000000090080000)
 Metaspace       used 23013K, capacity 24436K, committed 24496K, reserved 1071104K
  class space    used 3186K, capacity 3467K, committed 3504K, reserved 1048576K
Event: 5.751 GC heap after
Heap after GC invocations=8 (full 2):
 PSYoungGen      total 118272K, used 38906K [0x00000000d7100000, 0x00000000e2580000, 0x0000000100000000)
  eden space 79360K, 0% used [0x00000000d7100000,0x00000000d7100000,0x00000000dbe80000)
  from space 38912K, 99% used [0x00000000dee00000,0x00000000e13feb00,0x00000000e1400000)
  to   space 48640K, 0% used [0x00000000dbe80000,0x00000000dbe80000,0x00000000dee00000)
 ParOldGen       total 178688K, used 77269K [0x0000000085200000, 0x0000000090080000, 0x00000000d7100000)
  object space 178688K, 43% used [0x0000000085200000,0x0000000089d75750,0x0000000090080000)
 Metaspace       used 23013K, capacity 24436K, committed 24496K, reserved 1071104K
  class space    used 3186K, capacity 3467K, committed 3504K, reserved 1048576K
}

