# JRE version: Java(TM) SE Runtime Environment (8.0_191-b12) (build 1.8.0_191-b12)
# Java VM: Java HotSpot(TM) 64-Bit Server VM (25.191-b12 mixed mode linux-amd64 compressed oops)
Heap:
 PSYoungGen      total 133120K, used 58577K [0x00000000d7100000, 0x00000000e3c00000, 0x0000000100000000)
  eden space 90624K, 18% used [0x00000000d7100000,0x00000000d8124c28,0x00000000dc980000)
  from space 42496K, 98% used [0x00000000e1280000,0x00000000e3b8f898,0x00000000e3c00000)
  to   space 54272K, 0% used [0x00000000dd200000,0x00000000dd200000,0x00000000e0700000)
 ParOldGen       total 183296K, used 86501K [0x0000000085200000, 0x0000000090500000, 0x00000000d7100000)
  object space 183296K, 47% used [0x0000000085200000,0x000000008a6796f8,0x0000000090500000)
 Metaspace       used 23434K, capacity 25146K, committed 25472K, reserved 1071104K
  class space    used 3302K, capacity 3614K, committed 3712K, reserved 1048576K
GC Heap History (10 events):
Event: 5.281 GC heap before
{Heap before GC invocations=4 (full 0):
 PSYoungGen      total 36864K, used 13921K [0x00000000d7100000, 0x00000000db900000, 0x0000000100000000)
  eden space 31744K, 27% used [0x00000000d7100000,0x00000000d79a0508,0x00000000d9000000)
  from space 5120K, 99% used [0x00000000d9000000,0x00000000d94f8050,0x00000000d9500000)
  to   space 5120K, 0% used [0x00000000db400000,0x00000000db400000,0x00000000db900000)
 ParOldGen       total 84992K, used 33718K [0x0000000085200000, 0x000000008a500000, 0x00000000d7100000)
  object space 84992K, 39% used [0x0000000085200000,0x00000000872eda38,0x000000008a500000)
 Metaspace       used 20282K, capacity 21186K, committed 21248K, reserved 1067008K
  class space    used 2793K, capacity 3054K, committed 3072K, reserved 1048576K
Event: 5.287 GC heap after
Heap after GC invocations=4 (full 0):
 PSYoungGen      total 68608K, used 5088K [0x00000000d7100000, 0x00000000db900000, 0x0000000100000000)
  eden space 63488K, 0% used [0x00000000d7100000,0x00000000d7100000,0x00000000daf00000)
  from space 5120K, 99% used [0x00000000db400000,0x00000000db8f8070,0x00000000db900000)
  to   space 5120K, 0% used [0x00000000daf00000,0x00000000daf00000,0x00000000db400000)
 ParOldGen       total 84992K, used 40444K [0x0000000085200000, 0x000000008a500000, 0x00000000d7100000)
  object space 84992K, 47% used [0x0000000085200000,0x000000008797f2c8,0x000000008a500000)
 Metaspace       used 20282K, capacity 21186K, committed 21248K, reserved 1067008K
  class space    used 2793K, capacity 3054K, committed 3072K, reserved 1048576K
}
Event: 5.287 GC heap before
{Heap before GC invocations=5 (full 1):
 PSYoungGen      total 68608K, used 5088K [0x00000000d7100000, 0x00000000db900000, 0x0000000100000000)
  eden space 63488K, 0% used [0x00000000d7100000,0x00000000d7100000,0x00000000daf00000)
  from space 5120K, 99% used [0x00000000db400000,0x00000000db8f8070,0x00000000db900000)
  to   space 5120K, 0% used [0x00000000daf00000,0x00000000daf00000,0x00000000db400000)
 ParOldGen       total 84992K, used 40444K [0x0000000085200000, 0x000000008a500000, 0x00000000d7100000)
  object space 84992K, 47% used [0x0000000085200000,0x000000008797f2c8,0x000000008a500000)
 Metaspace       used 20282K, capacity 21186K, committed 21248K, reserved 1067008K
  class space    used 2793K, capacity 3054K, committed 3072K, reserved 1048576K
Event: 5.329 GC heap after
Heap after GC invocations=5 (full 1):
 PSYoungGen      total 68608K, used 0K [0x00000000d7100000, 0x00000000db900000, 0x0000000100000000)
  eden space 63488K, 0% used [0x00000000d7100000,0x00000000d7100000,0x00000000daf00000)
  from space 5120K, 0% used [0x00000000db400000,0x00000000db400000,0x00000000db900000)
  to   space 5120K, 0% used [0x00000000daf00000,0x00000000daf00000,0x00000000db400000)
 ParOldGen       total 103936K, used 43381K [0x0000000085200000, 0x000000008b780000, 0x00000000d7100000)
  object space 103936K, 41% used [0x0000000085200000,0x0000000087c5d5e8,0x000000008b780000)
 Metaspace       used 20282K, capacity 21186K, committed 21248K, reserved 1067008K
  class space    used 2793K, capacity 3054K, committed 3072K, reserved 1048576K
}
Event: 5.612 GC heap before
{Heap before GC invocations=6 (full 1):
 PSYoungGen      total 68608K, used 62590K [0x00000000d7100000, 0x00000000db900000, 0x0000000100000000)
  eden space 63488K, 98% used [0x00000000d7100000,0x00000000dae1f8a0,0x00000000daf00000)
  from space 5120K, 0% used [0x00000000db400000,0x00000000db400000,0x00000000db900000)
  to   space 5120K, 0% used [0x00000000daf00000,0x00000000daf00000,0x00000000db400000)
 ParOldGen       total 103936K, used 43381K [0x0000000085200000, 0x000000008b780000, 0x00000000d7100000)
  object space 103936K, 41% used [0x0000000085200000,0x0000000087c5d5e8,0x000000008b780000)
 Metaspace       used 22123K, capacity 23342K, committed 23680K, reserved 1069056K
  class space    used 3091K, capacity 3366K, committed 3456K, reserved 1048576K
Event: 5.635 GC heap after
Heap after GC invocations=6 (full 1):
 PSYoungGen      total 68608K, used 5088K [0x00000000d7100000, 0x00000000e3f80000, 0x0000000100000000)
  eden space 63488K, 0% used [0x00000000d7100000,0x00000000d7100000,0x00000000daf00000)
  from space 5120K, 99% used [0x00000000daf00000,0x00000000db3f8050,0x00000000db400000)
  to   space 46080K, 0% used [0x00000000e1280000,0x00000000e1280000,0x00000000e3f80000)
 ParOldGen       total 103936K, used 82176K [0x0000000085200000, 0x000000008b780000, 0x00000000d7100000)
  object space 103936K, 79% used [0x0000000085200000,0x000000008a2403a0,0x000000008b780000)
 Metaspace       used 22123K, capacity 23342K, committed 23680K, reserved 1069056K
  class space    used 3091K, capacity 3366K, committed 3456K, reserved 1048576K
}
Event: 5.635 GC heap before
{Heap before GC invocations=7 (full 2):
 PSYoungGen      total 68608K, used 5088K [0x00000000d7100000, 0x00000000e3f80000, 0x0000000100000000)
  eden space 63488K, 0% used [0x00000000d7100000,0x00000000d7100000,0x00000000daf00000)
  from space 5120K, 99% used [0x00000000daf00000,0x00000000db3f8050,0x00000000db400000)
  to   space 46080K, 0% used [0x00000000e1280000,0x00000000e1280000,0x00000000e3f80000)
 ParOldGen       total 103936K, used 82176K [0x0000000085200000, 0x000000008b780000, 0x00000000d7100000)
  object space 103936K, 79% used [0x0000000085200000,0x000000008a2403a0,0x000000008b780000)
 Metaspace       used 22123K, capacity 23342K, committed 23680K, reserved 1069056K
  class space    used 3091K, capacity 3366K, committed 3456K, reserved 1048576K
Event: 5.682 GC heap after
Heap after GC invocations=7 (full 2):
 PSYoungGen      total 68608K, used 0K [0x00000000d7100000, 0x00000000e3f80000, 0x0000000100000000)
  eden space 63488K, 0% used [0x00000000d7100000,0x00000000d7100000,0x00000000daf00000)
  from space 5120K, 0% used [0x00000000daf00000,0x00000000daf00000,0x00000000db400000)
  to   space 46080K, 0% used [0x00000000e1280000,0x00000000e1280000,0x00000000e3f80000)
 ParOldGen       total 183296K, used 86493K [0x0000000085200000, 0x0000000090500000, 0x00000000d7100000)
  object space 183296K, 47% used [0x0000000085200000,0x000000008a6776f8,0x0000000090500000)
 Metaspace       used 22123K, capacity 23342K, committed 23680K, reserved 1069056K
  class space    used 3091K, capacity 3366K, committed 3456K, reserved 1048576K
}
Event: 5.910 GC heap before
{Heap before GC invocations=8 (full 2):
 PSYoungGen      total 68608K, used 62472K [0x00000000d7100000, 0x00000000e3f80000, 0x0000000100000000)
  eden space 63488K, 98% used [0x00000000d7100000,0x00000000dae02398,0x00000000daf00000)
  from space 5120K, 0% used [0x00000000daf00000,0x00000000daf00000,0x00000000db400000)
  to   space 46080K, 0% used [0x00000000e1280000,0x00000000e1280000,0x00000000e3f80000)
 ParOldGen       total 183296K, used 86493K [0x0000000085200000, 0x0000000090500000, 0x00000000d7100000)
  object space 183296K, 47% used [0x0000000085200000,0x000000008a6776f8,0x0000000090500000)
 Metaspace       used 22747K, capacity 24160K, committed 24192K, reserved 1071104K
  class space    used 3178K, capacity 3455K, committed 3456K, reserved 1048576K
Event: 5.920 GC heap after
Heap after GC invocations=8 (full 2):
 PSYoungGen      total 133120K, used 42046K [0x00000000d7100000, 0x00000000e3c00000, 0x0000000100000000)
  eden space 90624K, 0% used [0x00000000d7100000,0x00000000d7100000,0x00000000dc980000)
  from space 42496K, 98% used [0x00000000e1280000,0x00000000e3b8f898,0x00000000e3c00000)
  to   space 54272K, 0% used [0x00000000dd200000,0x00000000dd200000,0x00000000e0700000)
 ParOldGen       total 183296K, used 86501K [0x0000000085200000, 0x0000000090500000, 0x00000000d7100000)
  object space 183296K, 47% used [0x0000000085200000,0x000000008a6796f8,0x0000000090500000)
 Metaspace       used 22747K, capacity 24160K, committed 24192K, reserved 1071104K
  class space    used 3178K, capacity 3455K, committed 3456K, reserved 1048576K
}

