# JRE version: Java(TM) SE Runtime Environment (8.0_191-b12) (build 1.8.0_191-b12)
# Java VM: Java HotSpot(TM) 64-Bit Server VM (25.191-b12 mixed mode linux-amd64 compressed oops)
Heap:
 PSYoungGen      total 135168K, used 57103K [0x00000000d7100000, 0x00000000e3f80000, 0x0000000100000000)
  eden space 92160K, 15% used [0x00000000d7100000,0x00000000d7f0cb30,0x00000000dcb00000)
  from space 43008K, 99% used [0x00000000e1580000,0x00000000e3f37310,0x00000000e3f80000)
  to   space 54272K, 0% used [0x00000000dd580000,0x00000000dd580000,0x00000000e0a80000)
 ParOldGen       total 188416K, used 90916K [0x0000000085200000, 0x0000000090a00000, 0x00000000d7100000)
  object space 188416K, 48% used [0x0000000085200000,0x000000008aac93a8,0x0000000090a00000)
 Metaspace       used 23657K, capacity 25352K, committed 25472K, reserved 1071104K
  class space    used 3305K, capacity 3615K, committed 3712K, reserved 1048576K
GC Heap History (10 events):
Event: 12.360 GC heap before
{Heap before GC invocations=4 (full 0):
 PSYoungGen      total 36864K, used 30804K [0x00000000d7100000, 0x00000000db900000, 0x0000000100000000)
  eden space 31744K, 80% used [0x00000000d7100000,0x00000000d8a188d0,0x00000000d9000000)
  from space 5120K, 99% used [0x00000000d9000000,0x00000000d94fcab0,0x00000000d9500000)
  to   space 5120K, 0% used [0x00000000db400000,0x00000000db400000,0x00000000db900000)
 ParOldGen       total 84992K, used 26225K [0x0000000085200000, 0x000000008a500000, 0x00000000d7100000)
  object space 84992K, 30% used [0x0000000085200000,0x0000000086b9c7f0,0x000000008a500000)
 Metaspace       used 20601K, capacity 21548K, committed 21628K, reserved 1069056K
  class space    used 2817K, capacity 3059K, committed 3072K, reserved 1048576K
Event: 12.374 GC heap after
Heap after GC invocations=4 (full 0):
 PSYoungGen      total 68608K, used 5106K [0x00000000d7100000, 0x00000000db900000, 0x0000000100000000)
  eden space 63488K, 0% used [0x00000000d7100000,0x00000000d7100000,0x00000000daf00000)
  from space 5120K, 99% used [0x00000000db400000,0x00000000db8fcaa0,0x00000000db900000)
  to   space 5120K, 0% used [0x00000000daf00000,0x00000000daf00000,0x00000000db400000)
 ParOldGen       total 84992K, used 45999K [0x0000000085200000, 0x000000008a500000, 0x00000000d7100000)
  object space 84992K, 54% used [0x0000000085200000,0x0000000087eebc88,0x000000008a500000)
 Metaspace       used 20601K, capacity 21548K, committed 21628K, reserved 1069056K
  class space    used 2817K, capacity 3059K, committed 3072K, reserved 1048576K
}
Event: 12.374 GC heap before
{Heap before GC invocations=5 (full 1):
 PSYoungGen      total 68608K, used 5106K [0x00000000d7100000, 0x00000000db900000, 0x0000000100000000)
  eden space 63488K, 0% used [0x00000000d7100000,0x00000000d7100000,0x00000000daf00000)
  from space 5120K, 99% used [0x00000000db400000,0x00000000db8fcaa0,0x00000000db900000)
  to   space 5120K, 0% used [0x00000000daf00000,0x00000000daf00000,0x00000000db400000)
 ParOldGen       total 84992K, used 45999K [0x0000000085200000, 0x000000008a500000, 0x00000000d7100000)
  object space 84992K, 54% used [0x0000000085200000,0x0000000087eebc88,0x000000008a500000)
 Metaspace       used 20601K, capacity 21548K, committed 21628K, reserved 1069056K
  class space    used 2817K, capacity 3059K, committed 3072K, reserved 1048576K
Event: 12.428 GC heap after
Heap after GC invocations=5 (full 1):
 PSYoungGen      total 68608K, used 0K [0x00000000d7100000, 0x00000000db900000, 0x0000000100000000)
  eden space 63488K, 0% used [0x00000000d7100000,0x00000000d7100000,0x00000000daf00000)
  from space 5120K, 0% used [0x00000000db400000,0x00000000db400000,0x00000000db900000)
  to   space 5120K, 0% used [0x00000000daf00000,0x00000000daf00000,0x00000000db400000)
 ParOldGen       total 111104K, used 50080K [0x0000000085200000, 0x000000008be80000, 0x00000000d7100000)
  object space 111104K, 45% used [0x0000000085200000,0x00000000882e8130,0x000000008be80000)
 Metaspace       used 20601K, capacity 21548K, committed 21628K, reserved 1069056K
  class space    used 2817K, capacity 3059K, committed 3072K, reserved 1048576K
}
Event: 12.716 GC heap before
{Heap before GC invocations=6 (full 1):
 PSYoungGen      total 68608K, used 63488K [0x00000000d7100000, 0x00000000db900000, 0x0000000100000000)
  eden space 63488K, 100% used [0x00000000d7100000,0x00000000daf00000,0x00000000daf00000)
  from space 5120K, 0% used [0x00000000db400000,0x00000000db400000,0x00000000db900000)
  to   space 5120K, 0% used [0x00000000daf00000,0x00000000daf00000,0x00000000db400000)
 ParOldGen       total 111104K, used 50080K [0x0000000085200000, 0x000000008be80000, 0x00000000d7100000)
  object space 111104K, 45% used [0x0000000085200000,0x00000000882e8130,0x000000008be80000)
 Metaspace       used 22687K, capacity 24030K, committed 24192K, reserved 1071104K
  class space    used 3141K, capacity 3404K, committed 3456K, reserved 1048576K
Event: 12.747 GC heap after
Heap after GC invocations=6 (full 1):
 PSYoungGen      total 68608K, used 5088K [0x00000000d7100000, 0x00000000e4280000, 0x0000000100000000)
  eden space 63488K, 0% used [0x00000000d7100000,0x00000000d7100000,0x00000000daf00000)
  from space 5120K, 99% used [0x00000000daf00000,0x00000000db3f8040,0x00000000db400000)
  to   space 46080K, 0% used [0x00000000e1580000,0x00000000e1580000,0x00000000e4280000)
 ParOldGen       total 111104K, used 88044K [0x0000000085200000, 0x000000008be80000, 0x00000000d7100000)
  object space 111104K, 79% used [0x0000000085200000,0x000000008a7fb0c8,0x000000008be80000)
 Metaspace       used 22687K, capacity 24030K, committed 24192K, reserved 1071104K
  class space    used 3141K, capacity 3404K, committed 3456K, reserved 1048576K
}
Event: 12.747 GC heap before
{Heap before GC invocations=7 (full 2):
 PSYoungGen      total 68608K, used 5088K [0x00000000d7100000, 0x00000000e4280000, 0x0000000100000000)
  eden space 63488K, 0% used [0x00000000d7100000,0x00000000d7100000,0x00000000daf00000)
  from space 5120K, 99% used [0x00000000daf00000,0x00000000db3f8040,0x00000000db400000)
  to   space 46080K, 0% used [0x00000000e1580000,0x00000000e1580000,0x00000000e4280000)
 ParOldGen       total 111104K, used 88044K [0x0000000085200000, 0x000000008be80000, 0x00000000d7100000)
  object space 111104K, 79% used [0x0000000085200000,0x000000008a7fb0c8,0x000000008be80000)
 Metaspace       used 22687K, capacity 24030K, committed 24192K, reserved 1071104K
  class space    used 3141K, capacity 3404K, committed 3456K, reserved 1048576K
Event: 12.799 GC heap after
Heap after GC invocations=7 (full 2):
 PSYoungGen      total 68608K, used 0K [0x00000000d7100000, 0x00000000e4280000, 0x0000000100000000)
  eden space 63488K, 0% used [0x00000000d7100000,0x00000000d7100000,0x00000000daf00000)
  from space 5120K, 0% used [0x00000000daf00000,0x00000000daf00000,0x00000000db400000)
  to   space 46080K, 0% used [0x00000000e1580000,0x00000000e1580000,0x00000000e4280000)
 ParOldGen       total 188416K, used 90908K [0x0000000085200000, 0x0000000090a00000, 0x00000000d7100000)
  object space 188416K, 48% used [0x0000000085200000,0x000000008aac73a8,0x0000000090a00000)
 Metaspace       used 22687K, capacity 24030K, committed 24192K, reserved 1071104K
  class space    used 3141K, capacity 3404K, committed 3456K, reserved 1048576K
}
Event: 13.050 GC heap before
{Heap before GC invocations=8 (full 2):
 PSYoungGen      total 68608K, used 63488K [0x00000000d7100000, 0x00000000e4280000, 0x0000000100000000)
  eden space 63488K, 100% used [0x00000000d7100000,0x00000000daf00000,0x00000000daf00000)
  from space 5120K, 0% used [0x00000000daf00000,0x00000000daf00000,0x00000000db400000)
  to   space 46080K, 0% used [0x00000000e1580000,0x00000000e1580000,0x00000000e4280000)
 ParOldGen       total 188416K, used 90908K [0x0000000085200000, 0x0000000090a00000, 0x00000000d7100000)
  object space 188416K, 48% used [0x0000000085200000,0x000000008aac73a8,0x0000000090a00000)
 Metaspace       used 23074K, capacity 24632K, committed 24832K, reserved 1071104K
  class space    used 3196K, capacity 3481K, committed 3584K, reserved 1048576K
Event: 13.078 GC heap after
Heap after GC invocations=8 (full 2):
 PSYoungGen      total 135168K, used 42716K [0x00000000d7100000, 0x00000000e3f80000, 0x0000000100000000)
  eden space 92160K, 0% used [0x00000000d7100000,0x00000000d7100000,0x00000000dcb00000)
  from space 43008K, 99% used [0x00000000e1580000,0x00000000e3f37310,0x00000000e3f80000)
  to   space 54272K, 0% used [0x00000000dd580000,0x00000000dd580000,0x00000000e0a80000)
 ParOldGen       total 188416K, used 90916K [0x0000000085200000, 0x0000000090a00000, 0x00000000d7100000)
  object space 188416K, 48% used [0x0000000085200000,0x000000008aac93a8,0x0000000090a00000)
 Metaspace       used 23074K, capacity 24632K, committed 24832K, reserved 1071104K
  class space    used 3196K, capacity 3481K, committed 3584K, reserved 1048576K
}

