# JRE version: Java(TM) SE Runtime Environment (8.0_191-b12) (build 1.8.0_191-b12)
# Java VM: Java HotSpot(TM) 64-Bit Server VM (25.191-b12 mixed mode linux-amd64 compressed oops)
Heap:
 PSYoungGen      total 139776K, used 53284K [0x00000000d7100000, 0x00000000e3c80000, 0x0000000100000000)
  eden space 96768K, 10% used [0x00000000d7100000,0x00000000d7b18b90,0x00000000dcf80000)
  from space 43008K, 99% used [0x00000000e1280000,0x00000000e3c70608,0x00000000e3c80000)
  to   space 54784K, 0% used [0x00000000dd180000,0x00000000dd180000,0x00000000e0700000)
 ParOldGen       total 183296K, used 86553K [0x0000000085200000, 0x0000000090500000, 0x00000000d7100000)
  object space 183296K, 47% used [0x0000000085200000,0x000000008a6866d0,0x0000000090500000)
 Metaspace       used 23399K, capacity 25138K, committed 25472K, reserved 1071104K
  class space    used 3302K, capacity 3614K, committed 3712K, reserved 1048576K
GC Heap History (10 events):
Event: 5.060 GC heap before
{Heap before GC invocations=4 (full 0):
 PSYoungGen      total 36864K, used 13936K [0x00000000d7100000, 0x00000000db900000, 0x0000000100000000)
  eden space 31744K, 27% used [0x00000000d7100000,0x00000000d799f698,0x00000000d9000000)
  from space 5120K, 99% used [0x00000000d9000000,0x00000000d94fcb90,0x00000000d9500000)
  to   space 5120K, 0% used [0x00000000db400000,0x00000000db400000,0x00000000db900000)
 ParOldGen       total 84992K, used 33732K [0x0000000085200000, 0x000000008a500000, 0x00000000d7100000)
  object space 84992K, 39% used [0x0000000085200000,0x00000000872f1058,0x000000008a500000)
 Metaspace       used 20270K, capacity 21178K, committed 21248K, reserved 1067008K
  class space    used 2795K, capacity 3054K, committed 3072K, reserved 1048576K
Event: 5.068 GC heap after
Heap after GC invocations=4 (full 0):
 PSYoungGen      total 68608K, used 5108K [0x00000000d7100000, 0x00000000db900000, 0x0000000100000000)
  eden space 63488K, 0% used [0x00000000d7100000,0x00000000d7100000,0x00000000daf00000)
  from space 5120K, 99% used [0x00000000db400000,0x00000000db8fd038,0x00000000db900000)
  to   space 5120K, 0% used [0x00000000daf00000,0x00000000daf00000,0x00000000db400000)
 ParOldGen       total 84992K, used 40453K [0x0000000085200000, 0x000000008a500000, 0x00000000d7100000)
  object space 84992K, 47% used [0x0000000085200000,0x0000000087981408,0x000000008a500000)
 Metaspace       used 20270K, capacity 21178K, committed 21248K, reserved 1067008K
  class space    used 2795K, capacity 3054K, committed 3072K, reserved 1048576K
}
Event: 5.068 GC heap before
{Heap before GC invocations=5 (full 1):
 PSYoungGen      total 68608K, used 5108K [0x00000000d7100000, 0x00000000db900000, 0x0000000100000000)
  eden space 63488K, 0% used [0x00000000d7100000,0x00000000d7100000,0x00000000daf00000)
  from space 5120K, 99% used [0x00000000db400000,0x00000000db8fd038,0x00000000db900000)
  to   space 5120K, 0% used [0x00000000daf00000,0x00000000daf00000,0x00000000db400000)
 ParOldGen       total 84992K, used 40453K [0x0000000085200000, 0x000000008a500000, 0x00000000d7100000)
  object space 84992K, 47% used [0x0000000085200000,0x0000000087981408,0x000000008a500000)
 Metaspace       used 20270K, capacity 21178K, committed 21248K, reserved 1067008K
  class space    used 2795K, capacity 3054K, committed 3072K, reserved 1048576K
Event: 5.123 GC heap after
Heap after GC invocations=5 (full 1):
 PSYoungGen      total 68608K, used 0K [0x00000000d7100000, 0x00000000db900000, 0x0000000100000000)
  eden space 63488K, 0% used [0x00000000d7100000,0x00000000d7100000,0x00000000daf00000)
  from space 5120K, 0% used [0x00000000db400000,0x00000000db400000,0x00000000db900000)
  to   space 5120K, 0% used [0x00000000daf00000,0x00000000daf00000,0x00000000db400000)
 ParOldGen       total 105984K, used 44763K [0x0000000085200000, 0x000000008b980000, 0x00000000d7100000)
  object space 105984K, 42% used [0x0000000085200000,0x0000000087db6f38,0x000000008b980000)
 Metaspace       used 20270K, capacity 21178K, committed 21248K, reserved 1067008K
  class space    used 2795K, capacity 3054K, committed 3072K, reserved 1048576K
}
Event: 5.421 GC heap before
{Heap before GC invocations=6 (full 1):
 PSYoungGen      total 68608K, used 63488K [0x00000000d7100000, 0x00000000db900000, 0x0000000100000000)
  eden space 63488K, 100% used [0x00000000d7100000,0x00000000daf00000,0x00000000daf00000)
  from space 5120K, 0% used [0x00000000db400000,0x00000000db400000,0x00000000db900000)
  to   space 5120K, 0% used [0x00000000daf00000,0x00000000daf00000,0x00000000db400000)
 ParOldGen       total 105984K, used 44763K [0x0000000085200000, 0x000000008b980000, 0x00000000d7100000)
  object space 105984K, 42% used [0x0000000085200000,0x0000000087db6f38,0x000000008b980000)
 Metaspace       used 22123K, capacity 23402K, committed 23680K, reserved 1069056K
  class space    used 3092K, capacity 3366K, committed 3456K, reserved 1048576K
Event: 5.457 GC heap after
Heap after GC invocations=6 (full 1):
 PSYoungGen      total 68608K, used 5107K [0x00000000d7100000, 0x00000000e4000000, 0x0000000100000000)
  eden space 63488K, 0% used [0x00000000d7100000,0x00000000d7100000,0x00000000daf00000)
  from space 5120K, 99% used [0x00000000daf00000,0x00000000db3fcc68,0x00000000db400000)
  to   space 46592K, 0% used [0x00000000e1280000,0x00000000e1280000,0x00000000e4000000)
 ParOldGen       total 105984K, used 83581K [0x0000000085200000, 0x000000008b980000, 0x00000000d7100000)
  object space 105984K, 78% used [0x0000000085200000,0x000000008a39f5d0,0x000000008b980000)
 Metaspace       used 22123K, capacity 23402K, committed 23680K, reserved 1069056K
  class space    used 3092K, capacity 3366K, committed 3456K, reserved 1048576K
}
Event: 5.457 GC heap before
{Heap before GC invocations=7 (full 2):
 PSYoungGen      total 68608K, used 5107K [0x00000000d7100000, 0x00000000e4000000, 0x0000000100000000)
  eden space 63488K, 0% used [0x00000000d7100000,0x00000000d7100000,0x00000000daf00000)
  from space 5120K, 99% used [0x00000000daf00000,0x00000000db3fcc68,0x00000000db400000)
  to   space 46592K, 0% used [0x00000000e1280000,0x00000000e1280000,0x00000000e4000000)
 ParOldGen       total 105984K, used 83581K [0x0000000085200000, 0x000000008b980000, 0x00000000d7100000)
  object space 105984K, 78% used [0x0000000085200000,0x000000008a39f5d0,0x000000008b980000)
 Metaspace       used 22123K, capacity 23402K, committed 23680K, reserved 1069056K
  class space    used 3092K, capacity 3366K, committed 3456K, reserved 1048576K
Event: 5.505 GC heap after
Heap after GC invocations=7 (full 2):
 PSYoungGen      total 68608K, used 0K [0x00000000d7100000, 0x00000000e4000000, 0x0000000100000000)
  eden space 63488K, 0% used [0x00000000d7100000,0x00000000d7100000,0x00000000daf00000)
  from space 5120K, 0% used [0x00000000daf00000,0x00000000daf00000,0x00000000db400000)
  to   space 46592K, 0% used [0x00000000e1280000,0x00000000e1280000,0x00000000e4000000)
 ParOldGen       total 183296K, used 86545K [0x0000000085200000, 0x0000000090500000, 0x00000000d7100000)
  object space 183296K, 47% used [0x0000000085200000,0x000000008a6846d0,0x0000000090500000)
 Metaspace       used 22123K, capacity 23402K, committed 23680K, reserved 1069056K
  class space    used 3092K, capacity 3366K, committed 3456K, reserved 1048576K
}
Event: 5.750 GC heap before
{Heap before GC invocations=8 (full 2):
 PSYoungGen      total 68608K, used 63488K [0x00000000d7100000, 0x00000000e4000000, 0x0000000100000000)
  eden space 63488K, 100% used [0x00000000d7100000,0x00000000daf00000,0x00000000daf00000)
  from space 5120K, 0% used [0x00000000daf00000,0x00000000daf00000,0x00000000db400000)
  to   space 46592K, 0% used [0x00000000e1280000,0x00000000e1280000,0x00000000e4000000)
 ParOldGen       total 183296K, used 86545K [0x0000000085200000, 0x0000000090500000, 0x00000000d7100000)
  object space 183296K, 47% used [0x0000000085200000,0x000000008a6846d0,0x0000000090500000)
 Metaspace       used 22809K, capacity 24348K, committed 24576K, reserved 1071104K
  class space    used 3192K, capacity 3479K, committed 3584K, reserved 1048576K
Event: 5.778 GC heap after
Heap after GC invocations=8 (full 2):
 PSYoungGen      total 139776K, used 42945K [0x00000000d7100000, 0x00000000e3c80000, 0x0000000100000000)
  eden space 96768K, 0% used [0x00000000d7100000,0x00000000d7100000,0x00000000dcf80000)
  from space 43008K, 99% used [0x00000000e1280000,0x00000000e3c70608,0x00000000e3c80000)
  to   space 54784K, 0% used [0x00000000dd180000,0x00000000dd180000,0x00000000e0700000)
 ParOldGen       total 183296K, used 86553K [0x0000000085200000, 0x0000000090500000, 0x00000000d7100000)
  object space 183296K, 47% used [0x0000000085200000,0x000000008a6866d0,0x0000000090500000)
 Metaspace       used 22809K, capacity 24348K, committed 24576K, reserved 1071104K
  class space    used 3192K, capacity 3479K, committed 3584K, reserved 1048576K
}

