# JRE version: Java(TM) SE Runtime Environment (8.0_191-b12) (build 1.8.0_191-b12)
# Java VM: Java HotSpot(TM) 64-Bit Server VM (25.191-b12 mixed mode linux-amd64 compressed oops)
Heap:
 PSYoungGen      total 134656K, used 56706K [0x00000000d7100000, 0x00000000e3580000, 0x0000000100000000)
  eden space 88576K, 12% used [0x00000000d7100000,0x00000000d7b63bd0,0x00000000dc780000)
  from space 46080K, 99% used [0x00000000e0880000,0x00000000e357cd90,0x00000000e3580000)
  to   space 56320K, 0% used [0x00000000dc780000,0x00000000dc780000,0x00000000dfe80000)
 ParOldGen       total 190976K, used 88362K [0x0000000085200000, 0x0000000090c80000, 0x00000000d7100000)
  object space 190976K, 46% used [0x0000000085200000,0x000000008a84aa40,0x0000000090c80000)
 Metaspace       used 23506K, capacity 25224K, committed 25472K, reserved 1071104K
  class space    used 3305K, capacity 3615K, committed 3712K, reserved 1048576K
GC Heap History (10 events):
Event: 7.528 GC heap before
{Heap before GC invocations=4 (full 1):
 PSYoungGen      total 36864K, used 5088K [0x00000000d7100000, 0x00000000db900000, 0x0000000100000000)
  eden space 31744K, 0% used [0x00000000d7100000,0x00000000d7100000,0x00000000d9000000)
  from space 5120K, 99% used [0x00000000d9000000,0x00000000d94f8068,0x00000000d9500000)
  to   space 5120K, 0% used [0x00000000db400000,0x00000000db400000,0x00000000db900000)
 ParOldGen       total 84992K, used 26293K [0x0000000085200000, 0x000000008a500000, 0x00000000d7100000)
  object space 84992K, 30% used [0x0000000085200000,0x0000000086bad7c8,0x000000008a500000)
 Metaspace       used 20225K, capacity 21146K, committed 21248K, reserved 1067008K
  class space    used 2771K, capacity 3020K, committed 3072K, reserved 1048576K
Event: 7.577 GC heap after
Heap after GC invocations=4 (full 1):
 PSYoungGen      total 36864K, used 0K [0x00000000d7100000, 0x00000000db900000, 0x0000000100000000)
  eden space 31744K, 0% used [0x00000000d7100000,0x00000000d7100000,0x00000000d9000000)
  from space 5120K, 0% used [0x00000000d9000000,0x00000000d9000000,0x00000000d9500000)
  to   space 5120K, 0% used [0x00000000db400000,0x00000000db400000,0x00000000db900000)
 ParOldGen       total 87552K, used 29331K [0x0000000085200000, 0x000000008a780000, 0x00000000d7100000)
  object space 87552K, 33% used [0x0000000085200000,0x0000000086ea4f70,0x000000008a780000)
 Metaspace       used 20225K, capacity 21146K, committed 21248K, reserved 1067008K
  class space    used 2771K, capacity 3020K, committed 3072K, reserved 1048576K
}
Event: 7.735 GC heap before
{Heap before GC invocations=5 (full 1):
 PSYoungGen      total 36864K, used 31744K [0x00000000d7100000, 0x00000000db900000, 0x0000000100000000)
  eden space 31744K, 100% used [0x00000000d7100000,0x00000000d9000000,0x00000000d9000000)
  from space 5120K, 0% used [0x00000000d9000000,0x00000000d9000000,0x00000000d9500000)
  to   space 5120K, 0% used [0x00000000db400000,0x00000000db400000,0x00000000db900000)
 ParOldGen       total 87552K, used 29331K [0x0000000085200000, 0x000000008a780000, 0x00000000d7100000)
  object space 87552K, 33% used [0x0000000085200000,0x0000000086ea4f70,0x000000008a780000)
 Metaspace       used 20715K, capacity 21686K, committed 21888K, reserved 1069056K
  class space    used 2854K, capacity 3076K, committed 3200K, reserved 1048576K
Event: 7.744 GC heap after
Heap after GC invocations=5 (full 1):
 PSYoungGen      total 62976K, used 5088K [0x00000000d7100000, 0x00000000db900000, 0x0000000100000000)
  eden space 57856K, 0% used [0x00000000d7100000,0x00000000d7100000,0x00000000da980000)
  from space 5120K, 99% used [0x00000000db400000,0x00000000db8f8050,0x00000000db900000)
  to   space 5120K, 0% used [0x00000000daf00000,0x00000000daf00000,0x00000000db400000)
 ParOldGen       total 87552K, used 49228K [0x0000000085200000, 0x000000008a780000, 0x00000000d7100000)
  object space 87552K, 56% used [0x0000000085200000,0x0000000088213310,0x000000008a780000)
 Metaspace       used 20715K, capacity 21686K, committed 21888K, reserved 1069056K
  class space    used 2854K, capacity 3076K, committed 3200K, reserved 1048576K
}
Event: 8.042 GC heap before
{Heap before GC invocations=6 (full 1):
 PSYoungGen      total 62976K, used 62944K [0x00000000d7100000, 0x00000000db900000, 0x0000000100000000)
  eden space 57856K, 100% used [0x00000000d7100000,0x00000000da980000,0x00000000da980000)
  from space 5120K, 99% used [0x00000000db400000,0x00000000db8f8050,0x00000000db900000)
  to   space 5120K, 0% used [0x00000000daf00000,0x00000000daf00000,0x00000000db400000)
 ParOldGen       total 87552K, used 49228K [0x0000000085200000, 0x000000008a780000, 0x00000000d7100000)
  object space 87552K, 56% used [0x0000000085200000,0x0000000088213310,0x000000008a780000)
 Metaspace       used 22590K, capacity 23970K, committed 24192K, reserved 1071104K
  class space    used 3141K, capacity 3404K, committed 3456K, reserved 1048576K
Event: 8.076 GC heap after
Heap after GC invocations=6 (full 1):
 PSYoungGen      total 68608K, used 5088K [0x00000000d7100000, 0x00000000e3580000, 0x0000000100000000)
  eden space 63488K, 0% used [0x00000000d7100000,0x00000000d7100000,0x00000000daf00000)
  from space 5120K, 99% used [0x00000000daf00000,0x00000000db3f8040,0x00000000db400000)
  to   space 46080K, 0% used [0x00000000e0880000,0x00000000e0880000,0x00000000e3580000)
 ParOldGen       total 87552K, used 86918K [0x0000000085200000, 0x000000008a780000, 0x00000000d7100000)
  object space 87552K, 99% used [0x0000000085200000,0x000000008a6e1ad8,0x000000008a780000)
 Metaspace       used 22590K, capacity 23970K, committed 24192K, reserved 1071104K
  class space    used 3141K, capacity 3404K, committed 3456K, reserved 1048576K
}
Event: 8.076 GC heap before
{Heap before GC invocations=7 (full 2):
 PSYoungGen      total 68608K, used 5088K [0x00000000d7100000, 0x00000000e3580000, 0x0000000100000000)
  eden space 63488K, 0% used [0x00000000d7100000,0x00000000d7100000,0x00000000daf00000)
  from space 5120K, 99% used [0x00000000daf00000,0x00000000db3f8040,0x00000000db400000)
  to   space 46080K, 0% used [0x00000000e0880000,0x00000000e0880000,0x00000000e3580000)
 ParOldGen       total 87552K, used 86918K [0x0000000085200000, 0x000000008a780000, 0x00000000d7100000)
  object space 87552K, 99% used [0x0000000085200000,0x000000008a6e1ad8,0x000000008a780000)
 Metaspace       used 22590K, capacity 23970K, committed 24192K, reserved 1071104K
  class space    used 3141K, capacity 3404K, committed 3456K, reserved 1048576K
Event: 8.164 GC heap after
Heap after GC invocations=7 (full 2):
 PSYoungGen      total 68608K, used 3547K [0x00000000d7100000, 0x00000000e3580000, 0x0000000100000000)
  eden space 63488K, 0% used [0x00000000d7100000,0x00000000d7100000,0x00000000daf00000)
  from space 5120K, 69% used [0x00000000daf00000,0x00000000db276fc8,0x00000000db400000)
  to   space 46080K, 0% used [0x00000000e0880000,0x00000000e0880000,0x00000000e3580000)
 ParOldGen       total 190976K, used 87495K [0x0000000085200000, 0x0000000090c80000, 0x00000000d7100000)
  object space 190976K, 45% used [0x0000000085200000,0x000000008a771c58,0x0000000090c80000)
 Metaspace       used 22590K, capacity 23970K, committed 24192K, reserved 1071104K
  class space    used 3141K, capacity 3404K, committed 3456K, reserved 1048576K
}
Event: 8.420 GC heap before
{Heap before GC invocations=8 (full 2):
 PSYoungGen      total 68608K, used 67035K [0x00000000d7100000, 0x00000000e3580000, 0x0000000100000000)
  eden space 63488K, 100% used [0x00000000d7100000,0x00000000daf00000,0x00000000daf00000)
  from space 5120K, 69% used [0x00000000daf00000,0x00000000db276fc8,0x00000000db400000)
  to   space 46080K, 0% used [0x00000000e0880000,0x00000000e0880000,0x00000000e3580000)
 ParOldGen       total 190976K, used 87495K [0x0000000085200000, 0x0000000090c80000, 0x00000000d7100000)
  object space 190976K, 45% used [0x0000000085200000,0x000000008a771c58,0x0000000090c80000)
 Metaspace       used 22942K, capacity 24504K, committed 24832K, reserved 1071104K
  class space    used 3196K, capacity 3481K, committed 3584K, reserved 1048576K
Event: 8.442 GC heap after
Heap after GC invocations=8 (full 2):
 PSYoungGen      total 134656K, used 46067K [0x00000000d7100000, 0x00000000e3580000, 0x0000000100000000)
  eden space 88576K, 0% used [0x00000000d7100000,0x00000000d7100000,0x00000000dc780000)
  from space 46080K, 99% used [0x00000000e0880000,0x00000000e357cd90,0x00000000e3580000)
  to   space 56320K, 0% used [0x00000000dc780000,0x00000000dc780000,0x00000000dfe80000)
 ParOldGen       total 190976K, used 88362K [0x0000000085200000, 0x0000000090c80000, 0x00000000d7100000)
  object space 190976K, 46% used [0x0000000085200000,0x000000008a84aa40,0x0000000090c80000)
 Metaspace       used 22942K, capacity 24504K, committed 24832K, reserved 1071104K
  class space    used 3196K, capacity 3481K, committed 3584K, reserved 1048576K
}

