# JRE version: Java(TM) SE Runtime Environment (8.0_191-b12) (build 1.8.0_191-b12)
# Java VM: Java HotSpot(TM) 64-Bit Server VM (25.191-b12 mixed mode linux-amd64 compressed oops)
Heap:
 PSYoungGen      total 146432K, used 64258K [0x00000000d7100000, 0x00000000e3d00000, 0x0000000100000000)
  eden space 98816K, 22% used [0x00000000d7100000,0x00000000d86ad1f8,0x00000000dd180000)
  from space 47616K, 88% used [0x00000000e0700000,0x00000000e3013610,0x00000000e3580000)
  to   space 54784K, 0% used [0x00000000dd180000,0x00000000dd180000,0x00000000e0700000)
 ParOldGen       total 192000K, used 90782K [0x0000000085200000, 0x0000000090d80000, 0x00000000d7100000)
  object space 192000K, 47% used [0x0000000085200000,0x000000008aaa7b60,0x0000000090d80000)
 Metaspace       used 23633K, capacity 25420K, committed 25728K, reserved 1071104K
  class space    used 3314K, capacity 3629K, committed 3712K, reserved 1048576K
GC Heap History (10 events):
Event: 9.035 GC heap before
{Heap before GC invocations=4 (full 1):
 PSYoungGen      total 36864K, used 5088K [0x00000000d7100000, 0x00000000db900000, 0x0000000100000000)
  eden space 31744K, 0% used [0x00000000d7100000,0x00000000d7100000,0x00000000d9000000)
  from space 5120K, 99% used [0x00000000d9000000,0x00000000d94f8080,0x00000000d9500000)
  to   space 5120K, 0% used [0x00000000db400000,0x00000000db400000,0x00000000db900000)
 ParOldGen       total 84992K, used 27414K [0x0000000085200000, 0x000000008a500000, 0x00000000d7100000)
  object space 84992K, 32% used [0x0000000085200000,0x0000000086cc5948,0x000000008a500000)
 Metaspace       used 20230K, capacity 21172K, committed 21248K, reserved 1067008K
  class space    used 2790K, capacity 3053K, committed 3072K, reserved 1048576K
Event: 9.096 GC heap after
Heap after GC invocations=4 (full 1):
 PSYoungGen      total 36864K, used 0K [0x00000000d7100000, 0x00000000db900000, 0x0000000100000000)
  eden space 31744K, 0% used [0x00000000d7100000,0x00000000d7100000,0x00000000d9000000)
  from space 5120K, 0% used [0x00000000d9000000,0x00000000d9000000,0x00000000d9500000)
  to   space 5120K, 0% used [0x00000000db400000,0x00000000db400000,0x00000000db900000)
 ParOldGen       total 91648K, used 31775K [0x0000000085200000, 0x000000008ab80000, 0x00000000d7100000)
  object space 91648K, 34% used [0x0000000085200000,0x0000000087107e50,0x000000008ab80000)
 Metaspace       used 20230K, capacity 21172K, committed 21248K, reserved 1067008K
  class space    used 2790K, capacity 3053K, committed 3072K, reserved 1048576K
}
Event: 9.300 GC heap before
{Heap before GC invocations=5 (full 1):
 PSYoungGen      total 36864K, used 31303K [0x00000000d7100000, 0x00000000db900000, 0x0000000100000000)
  eden space 31744K, 98% used [0x00000000d7100000,0x00000000d8f91f48,0x00000000d9000000)
  from space 5120K, 0% used [0x00000000d9000000,0x00000000d9000000,0x00000000d9500000)
  to   space 5120K, 0% used [0x00000000db400000,0x00000000db400000,0x00000000db900000)
 ParOldGen       total 91648K, used 31775K [0x0000000085200000, 0x000000008ab80000, 0x00000000d7100000)
  object space 91648K, 34% used [0x0000000085200000,0x0000000087107e50,0x000000008ab80000)
 Metaspace       used 20648K, capacity 21612K, committed 21888K, reserved 1069056K
  class space    used 2855K, capacity 3077K, committed 3200K, reserved 1048576K
Event: 9.310 GC heap after
Heap after GC invocations=5 (full 1):
 PSYoungGen      total 62464K, used 5107K [0x00000000d7100000, 0x00000000db900000, 0x0000000100000000)
  eden space 57344K, 0% used [0x00000000d7100000,0x00000000d7100000,0x00000000da900000)
  from space 5120K, 99% used [0x00000000db400000,0x00000000db8fcd10,0x00000000db900000)
  to   space 5120K, 0% used [0x00000000daf00000,0x00000000daf00000,0x00000000db400000)
 ParOldGen       total 91648K, used 50656K [0x0000000085200000, 0x000000008ab80000, 0x00000000d7100000)
  object space 91648K, 55% used [0x0000000085200000,0x0000000088378008,0x000000008ab80000)
 Metaspace       used 20648K, capacity 21612K, committed 21888K, reserved 1069056K
  class space    used 2855K, capacity 3077K, committed 3200K, reserved 1048576K
}
Event: 9.906 GC heap before
{Heap before GC invocations=6 (full 1):
 PSYoungGen      total 62464K, used 62451K [0x00000000d7100000, 0x00000000db900000, 0x0000000100000000)
  eden space 57344K, 100% used [0x00000000d7100000,0x00000000da900000,0x00000000da900000)
  from space 5120K, 99% used [0x00000000db400000,0x00000000db8fcd10,0x00000000db900000)
  to   space 5120K, 0% used [0x00000000daf00000,0x00000000daf00000,0x00000000db400000)
 ParOldGen       total 91648K, used 50656K [0x0000000085200000, 0x000000008ab80000, 0x00000000d7100000)
  object space 91648K, 55% used [0x0000000085200000,0x0000000088378008,0x000000008ab80000)
 Metaspace       used 22549K, capacity 23902K, committed 24192K, reserved 1071104K
  class space    used 3131K, capacity 3390K, committed 3456K, reserved 1048576K
Event: 9.945 GC heap after
Heap after GC invocations=6 (full 1):
 PSYoungGen      total 68608K, used 5107K [0x00000000d7100000, 0x00000000e3580000, 0x0000000100000000)
  eden space 63488K, 0% used [0x00000000d7100000,0x00000000d7100000,0x00000000daf00000)
  from space 5120K, 99% used [0x00000000daf00000,0x00000000db3fcd30,0x00000000db400000)
  to   space 47616K, 0% used [0x00000000e0700000,0x00000000e0700000,0x00000000e3580000)
 ParOldGen       total 91648K, used 90492K [0x0000000085200000, 0x000000008ab80000, 0x00000000d7100000)
  object space 91648K, 98% used [0x0000000085200000,0x000000008aa5f3c0,0x000000008ab80000)
 Metaspace       used 22549K, capacity 23902K, committed 24192K, reserved 1071104K
  class space    used 3131K, capacity 3390K, committed 3456K, reserved 1048576K
}
Event: 9.945 GC heap before
{Heap before GC invocations=7 (full 2):
 PSYoungGen      total 68608K, used 5107K [0x00000000d7100000, 0x00000000e3580000, 0x0000000100000000)
  eden space 63488K, 0% used [0x00000000d7100000,0x00000000d7100000,0x00000000daf00000)
  from space 5120K, 99% used [0x00000000daf00000,0x00000000db3fcd30,0x00000000db400000)
  to   space 47616K, 0% used [0x00000000e0700000,0x00000000e0700000,0x00000000e3580000)
 ParOldGen       total 91648K, used 90492K [0x0000000085200000, 0x000000008ab80000, 0x00000000d7100000)
  object space 91648K, 98% used [0x0000000085200000,0x000000008aa5f3c0,0x000000008ab80000)
 Metaspace       used 22549K, capacity 23902K, committed 24192K, reserved 1071104K
  class space    used 3131K, capacity 3390K, committed 3456K, reserved 1048576K
Event: 10.005 GC heap after
Heap after GC invocations=7 (full 2):
 PSYoungGen      total 68608K, used 1457K [0x00000000d7100000, 0x00000000e3580000, 0x0000000100000000)
  eden space 63488K, 0% used [0x00000000d7100000,0x00000000d7100000,0x00000000daf00000)
  from space 5120K, 28% used [0x00000000daf00000,0x00000000db06c788,0x00000000db400000)
  to   space 47616K, 0% used [0x00000000e0700000,0x00000000e0700000,0x00000000e3580000)
 ParOldGen       total 192000K, used 90774K [0x0000000085200000, 0x0000000090d80000, 0x00000000d7100000)
  object space 192000K, 47% used [0x0000000085200000,0x000000008aaa5b60,0x0000000090d80000)
 Metaspace       used 22549K, capacity 23902K, committed 24192K, reserved 1071104K
  class space    used 3131K, capacity 3390K, committed 3456K, reserved 1048576K
}
Event: 10.265 GC heap before
{Heap before GC invocations=8 (full 2):
 PSYoungGen      total 68608K, used 64945K [0x00000000d7100000, 0x00000000e3580000, 0x0000000100000000)
  eden space 63488K, 100% used [0x00000000d7100000,0x00000000daf00000,0x00000000daf00000)
  from space 5120K, 28% used [0x00000000daf00000,0x00000000db06c788,0x00000000db400000)
  to   space 47616K, 0% used [0x00000000e0700000,0x00000000e0700000,0x00000000e3580000)
 ParOldGen       total 192000K, used 90774K [0x0000000085200000, 0x0000000090d80000, 0x00000000d7100000)
  object space 192000K, 47% used [0x0000000085200000,0x000000008aaa5b60,0x0000000090d80000)
 Metaspace       used 22989K, capacity 24504K, committed 24832K, reserved 1071104K
  class space    used 3189K, capacity 3469K, committed 3584K, reserved 1048576K
Event: 10.292 GC heap after
Heap after GC invocations=8 (full 2):
 PSYoungGen      total 146432K, used 42061K [0x00000000d7100000, 0x00000000e3d00000, 0x0000000100000000)
  eden space 98816K, 0% used [0x00000000d7100000,0x00000000d7100000,0x00000000dd180000)
  from space 47616K, 88% used [0x00000000e0700000,0x00000000e3013610,0x00000000e3580000)
  to   space 54784K, 0% used [0x00000000dd180000,0x00000000dd180000,0x00000000e0700000)
 ParOldGen       total 192000K, used 90782K [0x0000000085200000, 0x0000000090d80000, 0x00000000d7100000)
  object space 192000K, 47% used [0x0000000085200000,0x000000008aaa7b60,0x0000000090d80000)
 Metaspace       used 22989K, capacity 24504K, committed 24832K, reserved 1071104K
  class space    used 3189K, capacity 3469K, committed 3584K, reserved 1048576K
}

