# JRE version: Java(TM) SE Runtime Environment (8.0_191-b12) (build 1.8.0_191-b12)
# Java VM: Java HotSpot(TM) 64-Bit Server VM (25.191-b12 mixed mode linux-amd64 compressed oops)
Heap:
 PSYoungGen      total 118272K, used 70989K [0x00000000d7100000, 0x00000000e2480000, 0x0000000100000000)
  eden space 75776K, 40% used [0x00000000d7100000,0x00000000d8ebb058,0x00000000dbb00000)
  from space 42496K, 95% used [0x00000000dec00000,0x00000000e1398778,0x00000000e1580000)
  to   space 50176K, 0% used [0x00000000dbb00000,0x00000000dbb00000,0x00000000dec00000)
 ParOldGen       total 204288K, used 86025K [0x0000000085200000, 0x0000000091980000, 0x00000000d7100000)
  object space 204288K, 42% used [0x0000000085200000,0x000000008a602720,0x0000000091980000)
 Metaspace       used 23608K, capacity 25356K, committed 25472K, reserved 1071104K
  class space    used 3313K, capacity 3629K, committed 3712K, reserved 1048576K
GC Heap History (10 events):
Event: 4.852 GC heap before
{Heap before GC invocations=4 (full 1):
 PSYoungGen      total 36864K, used 5088K [0x00000000d7100000, 0x00000000db900000, 0x0000000100000000)
  eden space 31744K, 0% used [0x00000000d7100000,0x00000000d7100000,0x00000000d9000000)
  from space 5120K, 99% used [0x00000000d9000000,0x00000000d94f8050,0x00000000d9500000)
  to   space 5120K, 0% used [0x00000000db400000,0x00000000db400000,0x00000000db900000)
 ParOldGen       total 84992K, used 27524K [0x0000000085200000, 0x000000008a500000, 0x00000000d7100000)
  object space 84992K, 32% used [0x0000000085200000,0x0000000086ce1178,0x000000008a500000)
 Metaspace       used 20269K, capacity 21192K, committed 21248K, reserved 1067008K
  class space    used 2794K, capacity 3057K, committed 3072K, reserved 1048576K
Event: 4.900 GC heap after
Heap after GC invocations=4 (full 1):
 PSYoungGen      total 36864K, used 0K [0x00000000d7100000, 0x00000000db900000, 0x0000000100000000)
  eden space 31744K, 0% used [0x00000000d7100000,0x00000000d7100000,0x00000000d9000000)
  from space 5120K, 0% used [0x00000000d9000000,0x00000000d9000000,0x00000000d9500000)
  to   space 5120K, 0% used [0x00000000db400000,0x00000000db400000,0x00000000db900000)
 ParOldGen       total 99840K, used 31927K [0x0000000085200000, 0x000000008b380000, 0x00000000d7100000)
  object space 99840K, 31% used [0x0000000085200000,0x000000008712dc70,0x000000008b380000)
 Metaspace       used 20269K, capacity 21192K, committed 21248K, reserved 1067008K
  class space    used 2794K, capacity 3057K, committed 3072K, reserved 1048576K
}
Event: 5.056 GC heap before
{Heap before GC invocations=5 (full 1):
 PSYoungGen      total 36864K, used 31246K [0x00000000d7100000, 0x00000000db900000, 0x0000000100000000)
  eden space 31744K, 98% used [0x00000000d7100000,0x00000000d8f83bd0,0x00000000d9000000)
  from space 5120K, 0% used [0x00000000d9000000,0x00000000d9000000,0x00000000d9500000)
  to   space 5120K, 0% used [0x00000000db400000,0x00000000db400000,0x00000000db900000)
 ParOldGen       total 99840K, used 31927K [0x0000000085200000, 0x000000008b380000, 0x00000000d7100000)
  object space 99840K, 31% used [0x0000000085200000,0x000000008712dc70,0x000000008b380000)
 Metaspace       used 20614K, capacity 21608K, committed 21888K, reserved 1069056K
  class space    used 2856K, capacity 3077K, committed 3200K, reserved 1048576K
Event: 5.061 GC heap after
Heap after GC invocations=5 (full 1):
 PSYoungGen      total 55808K, used 5088K [0x00000000d7100000, 0x00000000db900000, 0x0000000100000000)
  eden space 50688K, 0% used [0x00000000d7100000,0x00000000d7100000,0x00000000da280000)
  from space 5120K, 99% used [0x00000000db400000,0x00000000db8f8050,0x00000000db900000)
  to   space 5120K, 0% used [0x00000000daf00000,0x00000000daf00000,0x00000000db400000)
 ParOldGen       total 99840K, used 50838K [0x0000000085200000, 0x000000008b380000, 0x00000000d7100000)
  object space 99840K, 50% used [0x0000000085200000,0x00000000883a5960,0x000000008b380000)
 Metaspace       used 20614K, capacity 21608K, committed 21888K, reserved 1069056K
  class space    used 2856K, capacity 3077K, committed 3200K, reserved 1048576K
}
Event: 5.374 GC heap before
{Heap before GC invocations=6 (full 1):
 PSYoungGen      total 55808K, used 55657K [0x00000000d7100000, 0x00000000db900000, 0x0000000100000000)
  eden space 50688K, 99% used [0x00000000d7100000,0x00000000da262550,0x00000000da280000)
  from space 5120K, 99% used [0x00000000db400000,0x00000000db8f8050,0x00000000db900000)
  to   space 5120K, 0% used [0x00000000daf00000,0x00000000daf00000,0x00000000db400000)
 ParOldGen       total 99840K, used 50838K [0x0000000085200000, 0x000000008b380000, 0x00000000d7100000)
  object space 99840K, 50% used [0x0000000085200000,0x00000000883a5960,0x000000008b380000)
 Metaspace       used 22514K, capacity 23886K, committed 24192K, reserved 1071104K
  class space    used 3130K, capacity 3388K, committed 3456K, reserved 1048576K
Event: 5.383 GC heap after
Heap after GC invocations=6 (full 1):
 PSYoungGen      total 68608K, used 5107K [0x00000000d7100000, 0x00000000e1580000, 0x0000000100000000)
  eden space 63488K, 0% used [0x00000000d7100000,0x00000000d7100000,0x00000000daf00000)
  from space 5120K, 99% used [0x00000000daf00000,0x00000000db3fcd30,0x00000000db400000)
  to   space 42496K, 0% used [0x00000000dec00000,0x00000000dec00000,0x00000000e1580000)
 ParOldGen       total 99840K, used 83268K [0x0000000085200000, 0x000000008b380000, 0x00000000d7100000)
  object space 99840K, 83% used [0x0000000085200000,0x000000008a351260,0x000000008b380000)
 Metaspace       used 22514K, capacity 23886K, committed 24192K, reserved 1071104K
  class space    used 3130K, capacity 3388K, committed 3456K, reserved 1048576K
}
Event: 5.383 GC heap before
{Heap before GC invocations=7 (full 2):
 PSYoungGen      total 68608K, used 5107K [0x00000000d7100000, 0x00000000e1580000, 0x0000000100000000)
  eden space 63488K, 0% used [0x00000000d7100000,0x00000000d7100000,0x00000000daf00000)
  from space 5120K, 99% used [0x00000000daf00000,0x00000000db3fcd30,0x00000000db400000)
  to   space 42496K, 0% used [0x00000000dec00000,0x00000000dec00000,0x00000000e1580000)
 ParOldGen       total 99840K, used 83268K [0x0000000085200000, 0x000000008b380000, 0x00000000d7100000)
  object space 99840K, 83% used [0x0000000085200000,0x000000008a351260,0x000000008b380000)
 Metaspace       used 22514K, capacity 23886K, committed 24192K, reserved 1071104K
  class space    used 3130K, capacity 3388K, committed 3456K, reserved 1048576K
Event: 5.424 GC heap after
Heap after GC invocations=7 (full 2):
 PSYoungGen      total 68608K, used 0K [0x00000000d7100000, 0x00000000e1580000, 0x0000000100000000)
  eden space 63488K, 0% used [0x00000000d7100000,0x00000000d7100000,0x00000000daf00000)
  from space 5120K, 0% used [0x00000000daf00000,0x00000000daf00000,0x00000000db400000)
  to   space 42496K, 0% used [0x00000000dec00000,0x00000000dec00000,0x00000000e1580000)
 ParOldGen       total 204288K, used 86017K [0x0000000085200000, 0x0000000091980000, 0x00000000d7100000)
  object space 204288K, 42% used [0x0000000085200000,0x000000008a600720,0x0000000091980000)
 Metaspace       used 22514K, capacity 23886K, committed 24192K, reserved 1071104K
  class space    used 3130K, capacity 3388K, committed 3456K, reserved 1048576K
}
Event: 5.704 GC heap before
{Heap before GC invocations=8 (full 2):
 PSYoungGen      total 68608K, used 63488K [0x00000000d7100000, 0x00000000e1580000, 0x0000000100000000)
  eden space 63488K, 100% used [0x00000000d7100000,0x00000000daf00000,0x00000000daf00000)
  from space 5120K, 0% used [0x00000000daf00000,0x00000000daf00000,0x00000000db400000)
  to   space 42496K, 0% used [0x00000000dec00000,0x00000000dec00000,0x00000000e1580000)
 ParOldGen       total 204288K, used 86017K [0x0000000085200000, 0x0000000091980000, 0x00000000d7100000)
  object space 204288K, 42% used [0x0000000085200000,0x000000008a600720,0x0000000091980000)
 Metaspace       used 22951K, capacity 24430K, committed 24576K, reserved 1071104K
  class space    used 3189K, capacity 3468K, committed 3584K, reserved 1048576K
Event: 5.713 GC heap after
Heap after GC invocations=8 (full 2):
 PSYoungGen      total 118272K, used 40545K [0x00000000d7100000, 0x00000000e2480000, 0x0000000100000000)
  eden space 75776K, 0% used [0x00000000d7100000,0x00000000d7100000,0x00000000dbb00000)
  from space 42496K, 95% used [0x00000000dec00000,0x00000000e1398778,0x00000000e1580000)
  to   space 50176K, 0% used [0x00000000dbb00000,0x00000000dbb00000,0x00000000dec00000)
 ParOldGen       total 204288K, used 86025K [0x0000000085200000, 0x0000000091980000, 0x00000000d7100000)
  object space 204288K, 42% used [0x0000000085200000,0x000000008a602720,0x0000000091980000)
 Metaspace       used 22951K, capacity 24430K, committed 24576K, reserved 1071104K
  class space    used 3189K, capacity 3468K, committed 3584K, reserved 1048576K
}

