# JRE version: Java(TM) SE Runtime Environment (8.0_191-b12) (build 1.8.0_191-b12)
# Java VM: Java HotSpot(TM) 64-Bit Server VM (25.191-b12 mixed mode linux-amd64 compressed oops)
Heap:
 PSYoungGen      total 137216K, used 64409K [0x00000000d7100000, 0x00000000e3e00000, 0x0000000100000000)
  eden space 95232K, 23% used [0x00000000d7100000,0x00000000d872ef00,0x00000000dce00000)
  from space 41984K, 99% used [0x00000000e1500000,0x00000000e3db78a8,0x00000000e3e00000)
  to   space 54272K, 0% used [0x00000000dd400000,0x00000000dd400000,0x00000000e0900000)
 ParOldGen       total 184320K, used 87572K [0x0000000085200000, 0x0000000090600000, 0x00000000d7100000)
  object space 184320K, 47% used [0x0000000085200000,0x000000008a7853c8,0x0000000090600000)
 Metaspace       used 23488K, capacity 25186K, committed 25472K, reserved 1071104K
  class space    used 3302K, capacity 3614K, committed 3712K, reserved 1048576K
GC Heap History (10 events):
Event: 6.328 GC heap before
{Heap before GC invocations=4 (full 0):
 PSYoungGen      total 36864K, used 13917K [0x00000000d7100000, 0x00000000db900000, 0x0000000100000000)
  eden space 31744K, 27% used [0x00000000d7100000,0x00000000d799f730,0x00000000d9000000)
  from space 5120K, 99% used [0x00000000d9000000,0x00000000d94f8080,0x00000000d9500000)
  to   space 5120K, 0% used [0x00000000db400000,0x00000000db400000,0x00000000db900000)
 ParOldGen       total 84992K, used 33712K [0x0000000085200000, 0x000000008a500000, 0x00000000d7100000)
  object space 84992K, 39% used [0x0000000085200000,0x00000000872ec1c0,0x000000008a500000)
 Metaspace       used 20351K, capacity 21238K, committed 21296K, reserved 1067008K
  class space    used 2792K, capacity 3054K, committed 3072K, reserved 1048576K
Event: 6.334 GC heap after
Heap after GC invocations=4 (full 0):
 PSYoungGen      total 68608K, used 5088K [0x00000000d7100000, 0x00000000db900000, 0x0000000100000000)
  eden space 63488K, 0% used [0x00000000d7100000,0x00000000d7100000,0x00000000daf00000)
  from space 5120K, 99% used [0x00000000db400000,0x00000000db8f8060,0x00000000db900000)
  to   space 5120K, 0% used [0x00000000daf00000,0x00000000daf00000,0x00000000db400000)
 ParOldGen       total 84992K, used 40438K [0x0000000085200000, 0x000000008a500000, 0x00000000d7100000)
  object space 84992K, 47% used [0x0000000085200000,0x000000008797da50,0x000000008a500000)
 Metaspace       used 20351K, capacity 21238K, committed 21296K, reserved 1067008K
  class space    used 2792K, capacity 3054K, committed 3072K, reserved 1048576K
}
Event: 6.334 GC heap before
{Heap before GC invocations=5 (full 1):
 PSYoungGen      total 68608K, used 5088K [0x00000000d7100000, 0x00000000db900000, 0x0000000100000000)
  eden space 63488K, 0% used [0x00000000d7100000,0x00000000d7100000,0x00000000daf00000)
  from space 5120K, 99% used [0x00000000db400000,0x00000000db8f8060,0x00000000db900000)
  to   space 5120K, 0% used [0x00000000daf00000,0x00000000daf00000,0x00000000db400000)
 ParOldGen       total 84992K, used 40438K [0x0000000085200000, 0x000000008a500000, 0x00000000d7100000)
  object space 84992K, 47% used [0x0000000085200000,0x000000008797da50,0x000000008a500000)
 Metaspace       used 20351K, capacity 21238K, committed 21296K, reserved 1067008K
  class space    used 2792K, capacity 3054K, committed 3072K, reserved 1048576K
Event: 6.380 GC heap after
Heap after GC invocations=5 (full 1):
 PSYoungGen      total 68608K, used 0K [0x00000000d7100000, 0x00000000db900000, 0x0000000100000000)
  eden space 63488K, 0% used [0x00000000d7100000,0x00000000d7100000,0x00000000daf00000)
  from space 5120K, 0% used [0x00000000db400000,0x00000000db400000,0x00000000db900000)
  to   space 5120K, 0% used [0x00000000daf00000,0x00000000daf00000,0x00000000db400000)
 ParOldGen       total 103936K, used 43383K [0x0000000085200000, 0x000000008b780000, 0x00000000d7100000)
  object space 103936K, 41% used [0x0000000085200000,0x0000000087c5de98,0x000000008b780000)
 Metaspace       used 20351K, capacity 21238K, committed 21296K, reserved 1067008K
  class space    used 2792K, capacity 3054K, committed 3072K, reserved 1048576K
}
Event: 6.659 GC heap before
{Heap before GC invocations=6 (full 1):
 PSYoungGen      total 68608K, used 63488K [0x00000000d7100000, 0x00000000db900000, 0x0000000100000000)
  eden space 63488K, 100% used [0x00000000d7100000,0x00000000daf00000,0x00000000daf00000)
  from space 5120K, 0% used [0x00000000db400000,0x00000000db400000,0x00000000db900000)
  to   space 5120K, 0% used [0x00000000daf00000,0x00000000daf00000,0x00000000db400000)
 ParOldGen       total 103936K, used 43383K [0x0000000085200000, 0x000000008b780000, 0x00000000d7100000)
  object space 103936K, 41% used [0x0000000085200000,0x0000000087c5de98,0x000000008b780000)
 Metaspace       used 22192K, capacity 23394K, committed 23680K, reserved 1069056K
  class space    used 3091K, capacity 3366K, committed 3456K, reserved 1048576K
Event: 6.693 GC heap after
Heap after GC invocations=6 (full 1):
 PSYoungGen      total 68608K, used 5107K [0x00000000d7100000, 0x00000000e4300000, 0x0000000100000000)
  eden space 63488K, 0% used [0x00000000d7100000,0x00000000d7100000,0x00000000daf00000)
  from space 5120K, 99% used [0x00000000daf00000,0x00000000db3fcc58,0x00000000db400000)
  to   space 47104K, 0% used [0x00000000e1500000,0x00000000e1500000,0x00000000e4300000)
 ParOldGen       total 103936K, used 83202K [0x0000000085200000, 0x000000008b780000, 0x00000000d7100000)
  object space 103936K, 80% used [0x0000000085200000,0x000000008a340848,0x000000008b780000)
 Metaspace       used 22192K, capacity 23394K, committed 23680K, reserved 1069056K
  class space    used 3091K, capacity 3366K, committed 3456K, reserved 1048576K
}
Event: 6.693 GC heap before
{Heap before GC invocations=7 (full 2):
 PSYoungGen      total 68608K, used 5107K [0x00000000d7100000, 0x00000000e4300000, 0x0000000100000000)
  eden space 63488K, 0% used [0x00000000d7100000,0x00000000d7100000,0x00000000daf00000)
  from space 5120K, 99% used [0x00000000daf00000,0x00000000db3fcc58,0x00000000db400000)
  to   space 47104K, 0% used [0x00000000e1500000,0x00000000e1500000,0x00000000e4300000)
 ParOldGen       total 103936K, used 83202K [0x0000000085200000, 0x000000008b780000, 0x00000000d7100000)
  object space 103936K, 80% used [0x0000000085200000,0x000000008a340848,0x000000008b780000)
 Metaspace       used 22192K, capacity 23394K, committed 23680K, reserved 1069056K
  class space    used 3091K, capacity 3366K, committed 3456K, reserved 1048576K
Event: 6.740 GC heap after
Heap after GC invocations=7 (full 2):
 PSYoungGen      total 68608K, used 0K [0x00000000d7100000, 0x00000000e4300000, 0x0000000100000000)
  eden space 63488K, 0% used [0x00000000d7100000,0x00000000d7100000,0x00000000daf00000)
  from space 5120K, 0% used [0x00000000daf00000,0x00000000daf00000,0x00000000db400000)
  to   space 47104K, 0% used [0x00000000e1500000,0x00000000e1500000,0x00000000e4300000)
 ParOldGen       total 184320K, used 87564K [0x0000000085200000, 0x0000000090600000, 0x00000000d7100000)
  object space 184320K, 47% used [0x0000000085200000,0x000000008a7833c8,0x0000000090600000)
 Metaspace       used 22192K, capacity 23394K, committed 23680K, reserved 1069056K
  class space    used 3091K, capacity 3366K, committed 3456K, reserved 1048576K
}
Event: 6.979 GC heap before
{Heap before GC invocations=8 (full 2):
 PSYoungGen      total 68608K, used 62913K [0x00000000d7100000, 0x00000000e4300000, 0x0000000100000000)
  eden space 63488K, 99% used [0x00000000d7100000,0x00000000dae707f0,0x00000000daf00000)
  from space 5120K, 0% used [0x00000000daf00000,0x00000000daf00000,0x00000000db400000)
  to   space 47104K, 0% used [0x00000000e1500000,0x00000000e1500000,0x00000000e4300000)
 ParOldGen       total 184320K, used 87564K [0x0000000085200000, 0x0000000090600000, 0x00000000d7100000)
  object space 184320K, 47% used [0x0000000085200000,0x000000008a7833c8,0x0000000090600000)
 Metaspace       used 22787K, capacity 24212K, committed 24448K, reserved 1071104K
  class space    used 3178K, capacity 3455K, committed 3456K, reserved 1048576K
Event: 7.005 GC heap after
Heap after GC invocations=8 (full 2):
 PSYoungGen      total 137216K, used 41694K [0x00000000d7100000, 0x00000000e3e00000, 0x0000000100000000)
  eden space 95232K, 0% used [0x00000000d7100000,0x00000000d7100000,0x00000000dce00000)
  from space 41984K, 99% used [0x00000000e1500000,0x00000000e3db78a8,0x00000000e3e00000)
  to   space 54272K, 0% used [0x00000000dd400000,0x00000000dd400000,0x00000000e0900000)
 ParOldGen       total 184320K, used 87572K [0x0000000085200000, 0x0000000090600000, 0x00000000d7100000)
  object space 184320K, 47% used [0x0000000085200000,0x000000008a7853c8,0x0000000090600000)
 Metaspace       used 22787K, capacity 24212K, committed 24448K, reserved 1071104K
  class space    used 3178K, capacity 3455K, committed 3456K, reserved 1048576K
}

