# JRE version: Java(TM) SE Runtime Environment (8.0_191-b12) (build 1.8.0_191-b12)
# Java VM: Java HotSpot(TM) 64-Bit Server VM (25.191-b12 mixed mode linux-amd64 compressed oops)
Heap:
 PSYoungGen      total 121344K, used 90039K [0x00000000d7100000, 0x00000000df700000, 0x0000000100000000)
  eden space 116224K, 77% used [0x00000000d7100000,0x00000000dc8edf48,0x00000000de280000)
  from space 5120K, 0% used [0x00000000df200000,0x00000000df200000,0x00000000df700000)
  to   space 5120K, 0% used [0x00000000ded00000,0x00000000ded00000,0x00000000df200000)
 ParOldGen       total 197120K, used 84426K [0x0000000085200000, 0x0000000091280000, 0x00000000d7100000)
  object space 197120K, 42% used [0x0000000085200000,0x000000008a472ba8,0x0000000091280000)
 Metaspace       used 23501K, capacity 25136K, committed 25472K, reserved 1071104K
  class space    used 3305K, capacity 3615K, committed 3712K, reserved 1048576K
GC Heap History (10 events):
Event: 4.767 GC heap before
{Heap before GC invocations=2 (full 0):
 PSYoungGen      total 36864K, used 36361K [0x00000000d7100000, 0x00000000db900000, 0x0000000100000000)
  eden space 31744K, 98% used [0x00000000d7100000,0x00000000d8f864a8,0x00000000d9000000)
  from space 5120K, 99% used [0x00000000d9000000,0x00000000d94fc040,0x00000000d9500000)
  to   space 5120K, 0% used [0x00000000db400000,0x00000000db400000,0x00000000db900000)
 ParOldGen       total 84992K, used 994K [0x0000000085200000, 0x000000008a500000, 0x00000000d7100000)
  object space 84992K, 1% used [0x0000000085200000,0x00000000852f8bf8,0x000000008a500000)
 Metaspace       used 19714K, capacity 20610K, committed 20736K, reserved 1067008K
  class space    used 2726K, capacity 2950K, committed 3072K, reserved 1048576K
Event: 4.783 GC heap after
Heap after GC invocations=2 (full 0):
 PSYoungGen      total 68608K, used 5088K [0x00000000d7100000, 0x00000000db900000, 0x0000000100000000)
  eden space 63488K, 0% used [0x00000000d7100000,0x00000000d7100000,0x00000000daf00000)
  from space 5120K, 99% used [0x00000000db400000,0x00000000db8f8040,0x00000000db900000)
  to   space 5120K, 0% used [0x00000000daf00000,0x00000000daf00000,0x00000000db400000)
 ParOldGen       total 84992K, used 11750K [0x0000000085200000, 0x000000008a500000, 0x00000000d7100000)
  object space 84992K, 13% used [0x0000000085200000,0x0000000085d79968,0x000000008a500000)
 Metaspace       used 19714K, capacity 20610K, committed 20736K, reserved 1067008K
  class space    used 2726K, capacity 2950K, committed 3072K, reserved 1048576K
}
Event: 5.041 GC heap before
{Heap before GC invocations=3 (full 0):
 PSYoungGen      total 68608K, used 42479K [0x00000000d7100000, 0x00000000db900000, 0x0000000100000000)
  eden space 63488K, 58% used [0x00000000d7100000,0x00000000d9583c10,0x00000000daf00000)
  from space 5120K, 99% used [0x00000000db400000,0x00000000db8f8040,0x00000000db900000)
  to   space 5120K, 0% used [0x00000000daf00000,0x00000000daf00000,0x00000000db400000)
 ParOldGen       total 84992K, used 11750K [0x0000000085200000, 0x000000008a500000, 0x00000000d7100000)
  object space 84992K, 13% used [0x0000000085200000,0x0000000085d79968,0x000000008a500000)
 Metaspace       used 20265K, capacity 21148K, committed 21248K, reserved 1067008K
  class space    used 2773K, capacity 3023K, committed 3072K, reserved 1048576K
Event: 5.070 GC heap after
Heap after GC invocations=3 (full 0):
 PSYoungGen      total 68608K, used 5092K [0x00000000d7100000, 0x00000000df700000, 0x0000000100000000)
  eden space 63488K, 0% used [0x00000000d7100000,0x00000000d7100000,0x00000000daf00000)
  from space 5120K, 99% used [0x00000000daf00000,0x00000000db3f9018,0x00000000db400000)
  to   space 5120K, 0% used [0x00000000df200000,0x00000000df200000,0x00000000df700000)
 ParOldGen       total 84992K, used 37984K [0x0000000085200000, 0x000000008a500000, 0x00000000d7100000)
  object space 84992K, 44% used [0x0000000085200000,0x00000000877183a8,0x000000008a500000)
 Metaspace       used 20265K, capacity 21148K, committed 21248K, reserved 1067008K
  class space    used 2773K, capacity 3023K, committed 3072K, reserved 1048576K
}
Event: 5.070 GC heap before
{Heap before GC invocations=4 (full 1):
 PSYoungGen      total 68608K, used 5092K [0x00000000d7100000, 0x00000000df700000, 0x0000000100000000)
  eden space 63488K, 0% used [0x00000000d7100000,0x00000000d7100000,0x00000000daf00000)
  from space 5120K, 99% used [0x00000000daf00000,0x00000000db3f9018,0x00000000db400000)
  to   space 5120K, 0% used [0x00000000df200000,0x00000000df200000,0x00000000df700000)
 ParOldGen       total 84992K, used 37984K [0x0000000085200000, 0x000000008a500000, 0x00000000d7100000)
  object space 84992K, 44% used [0x0000000085200000,0x00000000877183a8,0x000000008a500000)
 Metaspace       used 20265K, capacity 21148K, committed 21248K, reserved 1067008K
  class space    used 2773K, capacity 3023K, committed 3072K, reserved 1048576K
Event: 5.123 GC heap after
Heap after GC invocations=4 (full 1):
 PSYoungGen      total 68608K, used 0K [0x00000000d7100000, 0x00000000df700000, 0x0000000100000000)
  eden space 63488K, 0% used [0x00000000d7100000,0x00000000d7100000,0x00000000daf00000)
  from space 5120K, 0% used [0x00000000daf00000,0x00000000daf00000,0x00000000db400000)
  to   space 5120K, 0% used [0x00000000df200000,0x00000000df200000,0x00000000df700000)
 ParOldGen       total 111104K, used 41001K [0x0000000085200000, 0x000000008be80000, 0x00000000d7100000)
  object space 111104K, 36% used [0x0000000085200000,0x0000000087a0a4b8,0x000000008be80000)
 Metaspace       used 20265K, capacity 21148K, committed 21248K, reserved 1067008K
  class space    used 2773K, capacity 3023K, committed 3072K, reserved 1048576K
}
Event: 5.404 GC heap before
{Heap before GC invocations=5 (full 1):
 PSYoungGen      total 68608K, used 63258K [0x00000000d7100000, 0x00000000df700000, 0x0000000100000000)
  eden space 63488K, 99% used [0x00000000d7100000,0x00000000daec6b70,0x00000000daf00000)
  from space 5120K, 0% used [0x00000000daf00000,0x00000000daf00000,0x00000000db400000)
  to   space 5120K, 0% used [0x00000000df200000,0x00000000df200000,0x00000000df700000)
 ParOldGen       total 111104K, used 41001K [0x0000000085200000, 0x000000008be80000, 0x00000000d7100000)
  object space 111104K, 36% used [0x0000000085200000,0x0000000087a0a4b8,0x000000008be80000)
 Metaspace       used 22171K, capacity 23464K, committed 23680K, reserved 1069056K
  class space    used 3094K, capacity 3367K, committed 3456K, reserved 1048576K
Event: 5.433 GC heap after
Heap after GC invocations=5 (full 1):
 PSYoungGen      total 121344K, used 5107K [0x00000000d7100000, 0x00000000df700000, 0x0000000100000000)
  eden space 116224K, 0% used [0x00000000d7100000,0x00000000d7100000,0x00000000de280000)
  from space 5120K, 99% used [0x00000000df200000,0x00000000df6fcc48,0x00000000df700000)
  to   space 5120K, 0% used [0x00000000ded00000,0x00000000ded00000,0x00000000df200000)
 ParOldGen       total 111104K, used 80065K [0x0000000085200000, 0x000000008be80000, 0x00000000d7100000)
  object space 111104K, 72% used [0x0000000085200000,0x000000008a0307a8,0x000000008be80000)
 Metaspace       used 22171K, capacity 23464K, committed 23680K, reserved 1069056K
  class space    used 3094K, capacity 3367K, committed 3456K, reserved 1048576K
}
Event: 5.433 GC heap before
{Heap before GC invocations=6 (full 2):
 PSYoungGen      total 121344K, used 5107K [0x00000000d7100000, 0x00000000df700000, 0x0000000100000000)
  eden space 116224K, 0% used [0x00000000d7100000,0x00000000d7100000,0x00000000de280000)
  from space 5120K, 99% used [0x00000000df200000,0x00000000df6fcc48,0x00000000df700000)
  to   space 5120K, 0% used [0x00000000ded00000,0x00000000ded00000,0x00000000df200000)
 ParOldGen       total 111104K, used 80065K [0x0000000085200000, 0x000000008be80000, 0x00000000d7100000)
  object space 111104K, 72% used [0x0000000085200000,0x000000008a0307a8,0x000000008be80000)
 Metaspace       used 22171K, capacity 23464K, committed 23680K, reserved 1069056K
  class space    used 3094K, capacity 3367K, committed 3456K, reserved 1048576K
Event: 5.496 GC heap after
Heap after GC invocations=6 (full 2):
 PSYoungGen      total 121344K, used 0K [0x00000000d7100000, 0x00000000df700000, 0x0000000100000000)
  eden space 116224K, 0% used [0x00000000d7100000,0x00000000d7100000,0x00000000de280000)
  from space 5120K, 0% used [0x00000000df200000,0x00000000df200000,0x00000000df700000)
  to   space 5120K, 0% used [0x00000000ded00000,0x00000000ded00000,0x00000000df200000)
 ParOldGen       total 197120K, used 84426K [0x0000000085200000, 0x0000000091280000, 0x00000000d7100000)
  object space 197120K, 42% used [0x0000000085200000,0x000000008a472ba8,0x0000000091280000)
 Metaspace       used 22171K, capacity 23464K, committed 23680K, reserved 1069056K
  class space    used 3094K, capacity 3367K, committed 3456K, reserved 1048576K
}

