# JRE version: Java(TM) SE Runtime Environment (8.0_191-b12) (build 1.8.0_191-b12)
# Java VM: Java HotSpot(TM) 64-Bit Server VM (25.191-b12 mixed mode linux-amd64 compressed oops)
Heap:
 PSYoungGen      total 136704K, used 59360K [0x00000000d7100000, 0x00000000e3c00000, 0x0000000100000000)
  eden space 93696K, 17% used [0x00000000d7100000,0x00000000d80f9550,0x00000000dcc80000)
  from space 43008K, 99% used [0x00000000e0080000,0x00000000e2a7ed60,0x00000000e2a80000)
  to   space 53248K, 0% used [0x00000000dcc80000,0x00000000dcc80000,0x00000000e0080000)
 ParOldGen       total 182272K, used 88236K [0x0000000085200000, 0x0000000090400000, 0x00000000d7100000)
  object space 182272K, 48% used [0x0000000085200000,0x000000008a82b208,0x0000000090400000)
 Metaspace       used 23718K, capacity 25500K, committed 25728K, reserved 1071104K
  class space    used 3331K, capacity 3667K, committed 3712K, reserved 1048576K
GC Heap History (10 events):
Event: 5.373 GC heap before
{Heap before GC invocations=4 (full 1):
 PSYoungGen      total 36864K, used 5106K [0x00000000d7100000, 0x00000000db900000, 0x0000000100000000)
  eden space 31744K, 0% used [0x00000000d7100000,0x00000000d7100000,0x00000000d9000000)
  from space 5120K, 99% used [0x00000000d9000000,0x00000000d94fcab0,0x00000000d9500000)
  to   space 5120K, 0% used [0x00000000db400000,0x00000000db400000,0x00000000db900000)
 ParOldGen       total 84992K, used 30767K [0x0000000085200000, 0x000000008a500000, 0x00000000d7100000)
  object space 84992K, 36% used [0x0000000085200000,0x000000008700bcd8,0x000000008a500000)
 Metaspace       used 20291K, capacity 21218K, committed 21248K, reserved 1067008K
  class space    used 2802K, capacity 3058K, committed 3072K, reserved 1048576K
Event: 5.425 GC heap after
Heap after GC invocations=4 (full 1):
 PSYoungGen      total 36864K, used 0K [0x00000000d7100000, 0x00000000db900000, 0x0000000100000000)
  eden space 31744K, 0% used [0x00000000d7100000,0x00000000d7100000,0x00000000d9000000)
  from space 5120K, 0% used [0x00000000d9000000,0x00000000d9000000,0x00000000d9500000)
  to   space 5120K, 0% used [0x00000000db400000,0x00000000db400000,0x00000000db900000)
 ParOldGen       total 97792K, used 33774K [0x0000000085200000, 0x000000008b180000, 0x00000000d7100000)
  object space 97792K, 34% used [0x0000000085200000,0x00000000872fbad8,0x000000008b180000)
 Metaspace       used 20291K, capacity 21218K, committed 21248K, reserved 1067008K
  class space    used 2802K, capacity 3058K, committed 3072K, reserved 1048576K
}
Event: 5.575 GC heap before
{Heap before GC invocations=5 (full 1):
 PSYoungGen      total 36864K, used 31744K [0x00000000d7100000, 0x00000000db900000, 0x0000000100000000)
  eden space 31744K, 100% used [0x00000000d7100000,0x00000000d9000000,0x00000000d9000000)
  from space 5120K, 0% used [0x00000000d9000000,0x00000000d9000000,0x00000000d9500000)
  to   space 5120K, 0% used [0x00000000db400000,0x00000000db400000,0x00000000db900000)
 ParOldGen       total 97792K, used 33774K [0x0000000085200000, 0x000000008b180000, 0x00000000d7100000)
  object space 97792K, 34% used [0x0000000085200000,0x00000000872fbad8,0x000000008b180000)
 Metaspace       used 20627K, capacity 21578K, committed 21888K, reserved 1069056K
  class space    used 2856K, capacity 3080K, committed 3200K, reserved 1048576K
Event: 5.587 GC heap after
Heap after GC invocations=5 (full 1):
 PSYoungGen      total 61952K, used 5107K [0x00000000d7100000, 0x00000000db900000, 0x0000000100000000)
  eden space 56832K, 0% used [0x00000000d7100000,0x00000000d7100000,0x00000000da880000)
  from space 5120K, 99% used [0x00000000db400000,0x00000000db8fcca0,0x00000000db900000)
  to   space 5120K, 0% used [0x00000000daf00000,0x00000000daf00000,0x00000000db400000)
 ParOldGen       total 97792K, used 52593K [0x0000000085200000, 0x000000008b180000, 0x00000000d7100000)
  object space 97792K, 53% used [0x0000000085200000,0x000000008855c470,0x000000008b180000)
 Metaspace       used 20627K, capacity 21578K, committed 21888K, reserved 1069056K
  class space    used 2856K, capacity 3080K, committed 3200K, reserved 1048576K
}
Event: 5.970 GC heap before
{Heap before GC invocations=6 (full 1):
 PSYoungGen      total 61952K, used 61208K [0x00000000d7100000, 0x00000000db900000, 0x0000000100000000)
  eden space 56832K, 98% used [0x00000000d7100000,0x00000000da7c9560,0x00000000da880000)
  from space 5120K, 99% used [0x00000000db400000,0x00000000db8fcca0,0x00000000db900000)
  to   space 5120K, 0% used [0x00000000daf00000,0x00000000daf00000,0x00000000db400000)
 ParOldGen       total 97792K, used 52593K [0x0000000085200000, 0x000000008b180000, 0x00000000d7100000)
  object space 97792K, 53% used [0x0000000085200000,0x000000008855c470,0x000000008b180000)
 Metaspace       used 22692K, capacity 24016K, committed 24192K, reserved 1071104K
  class space    used 3148K, capacity 3423K, committed 3456K, reserved 1048576K
Event: 5.999 GC heap after
Heap after GC invocations=6 (full 1):
 PSYoungGen      total 68608K, used 5088K [0x00000000d7100000, 0x00000000e2a80000, 0x0000000100000000)
  eden space 63488K, 0% used [0x00000000d7100000,0x00000000d7100000,0x00000000daf00000)
  from space 5120K, 99% used [0x00000000daf00000,0x00000000db3f8050,0x00000000db400000)
  to   space 43008K, 0% used [0x00000000e0080000,0x00000000e0080000,0x00000000e2a80000)
 ParOldGen       total 97792K, used 84356K [0x0000000085200000, 0x000000008b180000, 0x00000000d7100000)
  object space 97792K, 86% used [0x0000000085200000,0x000000008a4611b0,0x000000008b180000)
 Metaspace       used 22692K, capacity 24016K, committed 24192K, reserved 1071104K
  class space    used 3148K, capacity 3423K, committed 3456K, reserved 1048576K
}
Event: 5.999 GC heap before
{Heap before GC invocations=7 (full 2):
 PSYoungGen      total 68608K, used 5088K [0x00000000d7100000, 0x00000000e2a80000, 0x0000000100000000)
  eden space 63488K, 0% used [0x00000000d7100000,0x00000000d7100000,0x00000000daf00000)
  from space 5120K, 99% used [0x00000000daf00000,0x00000000db3f8050,0x00000000db400000)
  to   space 43008K, 0% used [0x00000000e0080000,0x00000000e0080000,0x00000000e2a80000)
 ParOldGen       total 97792K, used 84356K [0x0000000085200000, 0x000000008b180000, 0x00000000d7100000)
  object space 97792K, 86% used [0x0000000085200000,0x000000008a4611b0,0x000000008b180000)
 Metaspace       used 22692K, capacity 24016K, committed 24192K, reserved 1071104K
  class space    used 3148K, capacity 3423K, committed 3456K, reserved 1048576K
Event: 6.041 GC heap after
Heap after GC invocations=7 (full 2):
 PSYoungGen      total 68608K, used 0K [0x00000000d7100000, 0x00000000e2a80000, 0x0000000100000000)
  eden space 63488K, 0% used [0x00000000d7100000,0x00000000d7100000,0x00000000daf00000)
  from space 5120K, 0% used [0x00000000daf00000,0x00000000daf00000,0x00000000db400000)
  to   space 43008K, 0% used [0x00000000e0080000,0x00000000e0080000,0x00000000e2a80000)
 ParOldGen       total 182272K, used 85454K [0x0000000085200000, 0x0000000090400000, 0x00000000d7100000)
  object space 182272K, 46% used [0x0000000085200000,0x000000008a573ab0,0x0000000090400000)
 Metaspace       used 22692K, capacity 24016K, committed 24192K, reserved 1071104K
  class space    used 3148K, capacity 3423K, committed 3456K, reserved 1048576K
}
Event: 6.284 GC heap before
{Heap before GC invocations=8 (full 2):
 PSYoungGen      total 68608K, used 63488K [0x00000000d7100000, 0x00000000e2a80000, 0x0000000100000000)
  eden space 63488K, 100% used [0x00000000d7100000,0x00000000daf00000,0x00000000daf00000)
  from space 5120K, 0% used [0x00000000daf00000,0x00000000daf00000,0x00000000db400000)
  to   space 43008K, 0% used [0x00000000e0080000,0x00000000e0080000,0x00000000e2a80000)
 ParOldGen       total 182272K, used 85454K [0x0000000085200000, 0x0000000090400000, 0x00000000d7100000)
  object space 182272K, 46% used [0x0000000085200000,0x000000008a573ab0,0x0000000090400000)
 Metaspace       used 23083K, capacity 24648K, committed 24832K, reserved 1071104K
  class space    used 3208K, capacity 3507K, committed 3584K, reserved 1048576K
Event: 6.312 GC heap after
Heap after GC invocations=8 (full 2):
 PSYoungGen      total 136704K, used 43003K [0x00000000d7100000, 0x00000000e3c00000, 0x0000000100000000)
  eden space 93696K, 0% used [0x00000000d7100000,0x00000000d7100000,0x00000000dcc80000)
  from space 43008K, 99% used [0x00000000e0080000,0x00000000e2a7ed60,0x00000000e2a80000)
  to   space 53248K, 0% used [0x00000000dcc80000,0x00000000dcc80000,0x00000000e0080000)
 ParOldGen       total 182272K, used 88236K [0x0000000085200000, 0x0000000090400000, 0x00000000d7100000)
  object space 182272K, 48% used [0x0000000085200000,0x000000008a82b208,0x0000000090400000)
 Metaspace       used 23083K, capacity 24648K, committed 24832K, reserved 1071104K
  class space    used 3208K, capacity 3507K, committed 3584K, reserved 1048576K
}

