# JRE version: Java(TM) SE Runtime Environment (8.0_191-b12) (build 1.8.0_191-b12)
# Java VM: Java HotSpot(TM) 64-Bit Server VM (25.191-b12 mixed mode linux-amd64 compressed oops)
Heap:
 PSYoungGen      total 119808K, used 68582K [0x00000000d7100000, 0x00000000df700000, 0x0000000100000000)
  eden space 114688K, 59% used [0x00000000d7100000,0x00000000db3f9900,0x00000000de100000)
  from space 5120K, 0% used [0x00000000df200000,0x00000000df200000,0x00000000df700000)
  to   space 5120K, 0% used [0x00000000ded00000,0x00000000ded00000,0x00000000df200000)
 ParOldGen       total 188416K, used 79952K [0x0000000085200000, 0x0000000090a00000, 0x00000000d7100000)
  object space 188416K, 42% used [0x0000000085200000,0x000000008a0143f0,0x0000000090a00000)
 Metaspace       used 23208K, capacity 24792K, committed 24832K, reserved 1071104K
  class space    used 3271K, capacity 3563K, committed 3584K, reserved 1048576K
GC Heap History (10 events):
Event: 3.941 GC heap before
{Heap before GC invocations=2 (full 0):
 PSYoungGen      total 36864K, used 35831K [0x00000000d7100000, 0x00000000db900000, 0x0000000100000000)
  eden space 31744K, 96% used [0x00000000d7100000,0x00000000d8f05cf0,0x00000000d9000000)
  from space 5120K, 99% used [0x00000000d9000000,0x00000000d94f8050,0x00000000d9500000)
  to   space 5120K, 0% used [0x00000000db400000,0x00000000db400000,0x00000000db900000)
 ParOldGen       total 84992K, used 1018K [0x0000000085200000, 0x000000008a500000, 0x00000000d7100000)
  object space 84992K, 1% used [0x0000000085200000,0x00000000852febf8,0x000000008a500000)
 Metaspace       used 19650K, capacity 20412K, committed 20736K, reserved 1067008K
  class space    used 2722K, capacity 2949K, committed 3072K, reserved 1048576K
Event: 3.969 GC heap after
Heap after GC invocations=2 (full 0):
 PSYoungGen      total 68608K, used 5106K [0x00000000d7100000, 0x00000000db900000, 0x0000000100000000)
  eden space 63488K, 0% used [0x00000000d7100000,0x00000000d7100000,0x00000000daf00000)
  from space 5120K, 99% used [0x00000000db400000,0x00000000db8fcaa8,0x00000000db900000)
  to   space 5120K, 0% used [0x00000000daf00000,0x00000000daf00000,0x00000000db400000)
 ParOldGen       total 84992K, used 11627K [0x0000000085200000, 0x000000008a500000, 0x00000000d7100000)
  object space 84992K, 13% used [0x0000000085200000,0x0000000085d5af38,0x000000008a500000)
 Metaspace       used 19650K, capacity 20412K, committed 20736K, reserved 1067008K
  class space    used 2722K, capacity 2949K, committed 3072K, reserved 1048576K
}
Event: 4.217 GC heap before
{Heap before GC invocations=3 (full 0):
 PSYoungGen      total 68608K, used 38028K [0x00000000d7100000, 0x00000000db900000, 0x0000000100000000)
  eden space 63488K, 51% used [0x00000000d7100000,0x00000000d91268d8,0x00000000daf00000)
  from space 5120K, 99% used [0x00000000db400000,0x00000000db8fcaa8,0x00000000db900000)
  to   space 5120K, 0% used [0x00000000daf00000,0x00000000daf00000,0x00000000db400000)
 ParOldGen       total 84992K, used 11627K [0x0000000085200000, 0x000000008a500000, 0x00000000d7100000)
  object space 84992K, 13% used [0x0000000085200000,0x0000000085d5af38,0x000000008a500000)
 Metaspace       used 20355K, capacity 21274K, committed 21296K, reserved 1067008K
  class space    used 2823K, capacity 3054K, committed 3072K, reserved 1048576K
Event: 4.241 GC heap after
Heap after GC invocations=3 (full 0):
 PSYoungGen      total 68608K, used 5104K [0x00000000d7100000, 0x00000000df700000, 0x0000000100000000)
  eden space 63488K, 0% used [0x00000000d7100000,0x00000000d7100000,0x00000000daf00000)
  from space 5120K, 99% used [0x00000000daf00000,0x00000000db3fc068,0x00000000db400000)
  to   space 5120K, 0% used [0x00000000df200000,0x00000000df200000,0x00000000df700000)
 ParOldGen       total 84992K, used 36553K [0x0000000085200000, 0x000000008a500000, 0x00000000d7100000)
  object space 84992K, 43% used [0x0000000085200000,0x00000000875b2448,0x000000008a500000)
 Metaspace       used 20355K, capacity 21274K, committed 21296K, reserved 1067008K
  class space    used 2823K, capacity 3054K, committed 3072K, reserved 1048576K
}
Event: 4.241 GC heap before
{Heap before GC invocations=4 (full 1):
 PSYoungGen      total 68608K, used 5104K [0x00000000d7100000, 0x00000000df700000, 0x0000000100000000)
  eden space 63488K, 0% used [0x00000000d7100000,0x00000000d7100000,0x00000000daf00000)
  from space 5120K, 99% used [0x00000000daf00000,0x00000000db3fc068,0x00000000db400000)
  to   space 5120K, 0% used [0x00000000df200000,0x00000000df200000,0x00000000df700000)
 ParOldGen       total 84992K, used 36553K [0x0000000085200000, 0x000000008a500000, 0x00000000d7100000)
  object space 84992K, 43% used [0x0000000085200000,0x00000000875b2448,0x000000008a500000)
 Metaspace       used 20355K, capacity 21274K, committed 21296K, reserved 1067008K
  class space    used 2823K, capacity 3054K, committed 3072K, reserved 1048576K
Event: 4.290 GC heap after
Heap after GC invocations=4 (full 1):
 PSYoungGen      total 68608K, used 0K [0x00000000d7100000, 0x00000000df700000, 0x0000000100000000)
  eden space 63488K, 0% used [0x00000000d7100000,0x00000000d7100000,0x00000000daf00000)
  from space 5120K, 0% used [0x00000000daf00000,0x00000000daf00000,0x00000000db400000)
  to   space 5120K, 0% used [0x00000000df200000,0x00000000df200000,0x00000000df700000)
 ParOldGen       total 109056K, used 39616K [0x0000000085200000, 0x000000008bc80000, 0x00000000d7100000)
  object space 109056K, 36% used [0x0000000085200000,0x00000000878b0170,0x000000008bc80000)
 Metaspace       used 20355K, capacity 21274K, committed 21296K, reserved 1067008K
  class space    used 2823K, capacity 3054K, committed 3072K, reserved 1048576K
}
Event: 4.587 GC heap before
{Heap before GC invocations=5 (full 1):
 PSYoungGen      total 68608K, used 63488K [0x00000000d7100000, 0x00000000df700000, 0x0000000100000000)
  eden space 63488K, 100% used [0x00000000d7100000,0x00000000daf00000,0x00000000daf00000)
  from space 5120K, 0% used [0x00000000daf00000,0x00000000daf00000,0x00000000db400000)
  to   space 5120K, 0% used [0x00000000df200000,0x00000000df200000,0x00000000df700000)
 ParOldGen       total 109056K, used 39616K [0x0000000085200000, 0x000000008bc80000, 0x00000000d7100000)
  object space 109056K, 36% used [0x0000000085200000,0x00000000878b0170,0x000000008bc80000)
 Metaspace       used 22305K, capacity 23634K, committed 23936K, reserved 1069056K
  class space    used 3113K, capacity 3384K, committed 3456K, reserved 1048576K
Event: 4.618 GC heap after
Heap after GC invocations=5 (full 1):
 PSYoungGen      total 119808K, used 5088K [0x00000000d7100000, 0x00000000df700000, 0x0000000100000000)
  eden space 114688K, 0% used [0x00000000d7100000,0x00000000d7100000,0x00000000de100000)
  from space 5120K, 99% used [0x00000000df200000,0x00000000df6f8040,0x00000000df700000)
  to   space 5120K, 0% used [0x00000000ded00000,0x00000000ded00000,0x00000000df200000)
 ParOldGen       total 109056K, used 75495K [0x0000000085200000, 0x000000008bc80000, 0x00000000d7100000)
  object space 109056K, 69% used [0x0000000085200000,0x0000000089bb9f50,0x000000008bc80000)
 Metaspace       used 22305K, capacity 23634K, committed 23936K, reserved 1069056K
  class space    used 3113K, capacity 3384K, committed 3456K, reserved 1048576K
}
Event: 4.618 GC heap before
{Heap before GC invocations=6 (full 2):
 PSYoungGen      total 119808K, used 5088K [0x00000000d7100000, 0x00000000df700000, 0x0000000100000000)
  eden space 114688K, 0% used [0x00000000d7100000,0x00000000d7100000,0x00000000de100000)
  from space 5120K, 99% used [0x00000000df200000,0x00000000df6f8040,0x00000000df700000)
  to   space 5120K, 0% used [0x00000000ded00000,0x00000000ded00000,0x00000000df200000)
 ParOldGen       total 109056K, used 75495K [0x0000000085200000, 0x000000008bc80000, 0x00000000d7100000)
  object space 109056K, 69% used [0x0000000085200000,0x0000000089bb9f50,0x000000008bc80000)
 Metaspace       used 22305K, capacity 23634K, committed 23936K, reserved 1069056K
  class space    used 3113K, capacity 3384K, committed 3456K, reserved 1048576K
Event: 4.668 GC heap after
Heap after GC invocations=6 (full 2):
 PSYoungGen      total 119808K, used 0K [0x00000000d7100000, 0x00000000df700000, 0x0000000100000000)
  eden space 114688K, 0% used [0x00000000d7100000,0x00000000d7100000,0x00000000de100000)
  from space 5120K, 0% used [0x00000000df200000,0x00000000df200000,0x00000000df700000)
  to   space 5120K, 0% used [0x00000000ded00000,0x00000000ded00000,0x00000000df200000)
 ParOldGen       total 188416K, used 79952K [0x0000000085200000, 0x0000000090a00000, 0x00000000d7100000)
  object space 188416K, 42% used [0x0000000085200000,0x000000008a0143f0,0x0000000090a00000)
 Metaspace       used 22305K, capacity 23634K, committed 23936K, reserved 1069056K
  class space    used 3113K, capacity 3384K, committed 3456K, reserved 1048576K
}

