# JRE version: Java(TM) SE Runtime Environment (8.0_191-b12) (build 1.8.0_191-b12)
# Java VM: Java HotSpot(TM) 64-Bit Server VM (25.191-b12 mixed mode linux-amd64 compressed oops)
Heap:
 PSYoungGen      total 124416K, used 68619K [0x00000000d7100000, 0x00000000e2500000, 0x0000000100000000)
  eden space 80384K, 34% used [0x00000000d7100000,0x00000000d8c5b7d0,0x00000000dbf80000)
  from space 44032K, 92% used [0x00000000df180000,0x00000000e1927480,0x00000000e1c80000)
  to   space 51200K, 0% used [0x00000000dbf80000,0x00000000dbf80000,0x00000000df180000)
 ParOldGen       total 207360K, used 88102K [0x0000000085200000, 0x0000000091c80000, 0x00000000d7100000)
  object space 207360K, 42% used [0x0000000085200000,0x000000008a8098a0,0x0000000091c80000)
 Metaspace       used 23679K, capacity 25416K, committed 25728K, reserved 1071104K
  class space    used 3314K, capacity 3629K, committed 3712K, reserved 1048576K
GC Heap History (10 events):
Event: 6.060 GC heap before
{Heap before GC invocations=4 (full 1):
 PSYoungGen      total 36864K, used 5088K [0x00000000d7100000, 0x00000000db900000, 0x0000000100000000)
  eden space 31744K, 0% used [0x00000000d7100000,0x00000000d7100000,0x00000000d9000000)
  from space 5120K, 99% used [0x00000000d9000000,0x00000000d94f8070,0x00000000d9500000)
  to   space 5120K, 0% used [0x00000000db400000,0x00000000db400000,0x00000000db900000)
 ParOldGen       total 84992K, used 27467K [0x0000000085200000, 0x000000008a500000, 0x00000000d7100000)
  object space 84992K, 32% used [0x0000000085200000,0x0000000086cd2f60,0x000000008a500000)
 Metaspace       used 20248K, capacity 21136K, committed 21248K, reserved 1067008K
  class space    used 2788K, capacity 3021K, committed 3072K, reserved 1048576K
Event: 6.108 GC heap after
Heap after GC invocations=4 (full 1):
 PSYoungGen      total 36864K, used 0K [0x00000000d7100000, 0x00000000db900000, 0x0000000100000000)
  eden space 31744K, 0% used [0x00000000d7100000,0x00000000d7100000,0x00000000d9000000)
  from space 5120K, 0% used [0x00000000d9000000,0x00000000d9000000,0x00000000d9500000)
  to   space 5120K, 0% used [0x00000000db400000,0x00000000db400000,0x00000000db900000)
 ParOldGen       total 97280K, used 30508K [0x0000000085200000, 0x000000008b100000, 0x00000000d7100000)
  object space 97280K, 31% used [0x0000000085200000,0x0000000086fcb1c8,0x000000008b100000)
 Metaspace       used 20248K, capacity 21136K, committed 21248K, reserved 1067008K
  class space    used 2788K, capacity 3021K, committed 3072K, reserved 1048576K
}
Event: 6.312 GC heap before
{Heap before GC invocations=5 (full 1):
 PSYoungGen      total 36864K, used 30986K [0x00000000d7100000, 0x00000000db900000, 0x0000000100000000)
  eden space 31744K, 97% used [0x00000000d7100000,0x00000000d8f42968,0x00000000d9000000)
  from space 5120K, 0% used [0x00000000d9000000,0x00000000d9000000,0x00000000d9500000)
  to   space 5120K, 0% used [0x00000000db400000,0x00000000db400000,0x00000000db900000)
 ParOldGen       total 97280K, used 30508K [0x0000000085200000, 0x000000008b100000, 0x00000000d7100000)
  object space 97280K, 31% used [0x0000000085200000,0x0000000086fcb1c8,0x000000008b100000)
 Metaspace       used 20652K, capacity 21608K, committed 21888K, reserved 1069056K
  class space    used 2856K, capacity 3077K, committed 3200K, reserved 1048576K
Event: 6.319 GC heap after
Heap after GC invocations=5 (full 1):
 PSYoungGen      total 57344K, used 5107K [0x00000000d7100000, 0x00000000db900000, 0x0000000100000000)
  eden space 52224K, 0% used [0x00000000d7100000,0x00000000d7100000,0x00000000da400000)
  from space 5120K, 99% used [0x00000000db400000,0x00000000db8fcd10,0x00000000db900000)
  to   space 5120K, 0% used [0x00000000daf00000,0x00000000daf00000,0x00000000db400000)
 ParOldGen       total 97280K, used 49382K [0x0000000085200000, 0x000000008b100000, 0x00000000d7100000)
  object space 97280K, 50% used [0x0000000085200000,0x00000000882399f0,0x000000008b100000)
 Metaspace       used 20652K, capacity 21608K, committed 21888K, reserved 1069056K
  class space    used 2856K, capacity 3077K, committed 3200K, reserved 1048576K
}
Event: 6.712 GC heap before
{Heap before GC invocations=6 (full 1):
 PSYoungGen      total 57344K, used 57331K [0x00000000d7100000, 0x00000000db900000, 0x0000000100000000)
  eden space 52224K, 100% used [0x00000000d7100000,0x00000000da400000,0x00000000da400000)
  from space 5120K, 99% used [0x00000000db400000,0x00000000db8fcd10,0x00000000db900000)
  to   space 5120K, 0% used [0x00000000daf00000,0x00000000daf00000,0x00000000db400000)
 ParOldGen       total 97280K, used 49382K [0x0000000085200000, 0x000000008b100000, 0x00000000d7100000)
  object space 97280K, 50% used [0x0000000085200000,0x00000000882399f0,0x000000008b100000)
 Metaspace       used 22550K, capacity 23886K, committed 24192K, reserved 1071104K
  class space    used 3130K, capacity 3388K, committed 3456K, reserved 1048576K
Event: 6.721 GC heap after
Heap after GC invocations=6 (full 1):
 PSYoungGen      total 68608K, used 5095K [0x00000000d7100000, 0x00000000e1c80000, 0x0000000100000000)
  eden space 63488K, 0% used [0x00000000d7100000,0x00000000d7100000,0x00000000daf00000)
  from space 5120K, 99% used [0x00000000daf00000,0x00000000db3f9d08,0x00000000db400000)
  to   space 44032K, 0% used [0x00000000df180000,0x00000000df180000,0x00000000e1c80000)
 ParOldGen       total 97280K, used 83973K [0x0000000085200000, 0x000000008b100000, 0x00000000d7100000)
  object space 97280K, 86% used [0x0000000085200000,0x000000008a401500,0x000000008b100000)
 Metaspace       used 22550K, capacity 23886K, committed 24192K, reserved 1071104K
  class space    used 3130K, capacity 3388K, committed 3456K, reserved 1048576K
}
Event: 6.721 GC heap before
{Heap before GC invocations=7 (full 2):
 PSYoungGen      total 68608K, used 5095K [0x00000000d7100000, 0x00000000e1c80000, 0x0000000100000000)
  eden space 63488K, 0% used [0x00000000d7100000,0x00000000d7100000,0x00000000daf00000)
  from space 5120K, 99% used [0x00000000daf00000,0x00000000db3f9d08,0x00000000db400000)
  to   space 44032K, 0% used [0x00000000df180000,0x00000000df180000,0x00000000e1c80000)
 ParOldGen       total 97280K, used 83973K [0x0000000085200000, 0x000000008b100000, 0x00000000d7100000)
  object space 97280K, 86% used [0x0000000085200000,0x000000008a401500,0x000000008b100000)
 Metaspace       used 22550K, capacity 23886K, committed 24192K, reserved 1071104K
  class space    used 3130K, capacity 3388K, committed 3456K, reserved 1048576K
Event: 6.778 GC heap after
Heap after GC invocations=7 (full 2):
 PSYoungGen      total 68608K, used 0K [0x00000000d7100000, 0x00000000e1c80000, 0x0000000100000000)
  eden space 63488K, 0% used [0x00000000d7100000,0x00000000d7100000,0x00000000daf00000)
  from space 5120K, 0% used [0x00000000daf00000,0x00000000daf00000,0x00000000db400000)
  to   space 44032K, 0% used [0x00000000df180000,0x00000000df180000,0x00000000e1c80000)
 ParOldGen       total 207360K, used 88094K [0x0000000085200000, 0x0000000091c80000, 0x00000000d7100000)
  object space 207360K, 42% used [0x0000000085200000,0x000000008a8078a0,0x0000000091c80000)
 Metaspace       used 22550K, capacity 23886K, committed 24192K, reserved 1071104K
  class space    used 3130K, capacity 3388K, committed 3456K, reserved 1048576K
}
Event: 7.052 GC heap before
{Heap before GC invocations=8 (full 2):
 PSYoungGen      total 68608K, used 63488K [0x00000000d7100000, 0x00000000e1c80000, 0x0000000100000000)
  eden space 63488K, 100% used [0x00000000d7100000,0x00000000daf00000,0x00000000daf00000)
  from space 5120K, 0% used [0x00000000daf00000,0x00000000daf00000,0x00000000db400000)
  to   space 44032K, 0% used [0x00000000df180000,0x00000000df180000,0x00000000e1c80000)
 ParOldGen       total 207360K, used 88094K [0x0000000085200000, 0x0000000091c80000, 0x00000000d7100000)
  object space 207360K, 42% used [0x0000000085200000,0x000000008a8078a0,0x0000000091c80000)
 Metaspace       used 22976K, capacity 24430K, committed 24576K, reserved 1071104K
  class space    used 3189K, capacity 3468K, committed 3584K, reserved 1048576K
Event: 7.061 GC heap after
Heap after GC invocations=8 (full 2):
 PSYoungGen      total 124416K, used 40605K [0x00000000d7100000, 0x00000000e2500000, 0x0000000100000000)
  eden space 80384K, 0% used [0x00000000d7100000,0x00000000d7100000,0x00000000dbf80000)
  from space 44032K, 92% used [0x00000000df180000,0x00000000e1927480,0x00000000e1c80000)
  to   space 51200K, 0% used [0x00000000dbf80000,0x00000000dbf80000,0x00000000df180000)
 ParOldGen       total 207360K, used 88102K [0x0000000085200000, 0x0000000091c80000, 0x00000000d7100000)
  object space 207360K, 42% used [0x0000000085200000,0x000000008a8098a0,0x0000000091c80000)
 Metaspace       used 22976K, capacity 24430K, committed 24576K, reserved 1071104K
  class space    used 3189K, capacity 3468K, committed 3584K, reserved 1048576K
}

