# JRE version: Java(TM) SE Runtime Environment (8.0_191-b12) (build 1.8.0_191-b12)
# Java VM: Java HotSpot(TM) 64-Bit Server VM (25.191-b12 mixed mode linux-amd64 compressed oops)
Heap:
 PSYoungGen      total 136192K, used 59253K [0x00000000d7100000, 0x00000000e3e00000, 0x0000000100000000)
  eden space 92672K, 17% used [0x00000000d7100000,0x00000000d80c5990,0x00000000dcb80000)
  from space 43520K, 99% used [0x00000000e1380000,0x00000000e3d97aa8,0x00000000e3e00000)
  to   space 55808K, 0% used [0x00000000dd100000,0x00000000dd100000,0x00000000e0780000)
 ParOldGen       total 182272K, used 84697K [0x0000000085200000, 0x0000000090400000, 0x00000000d7100000)
  object space 182272K, 46% used [0x0000000085200000,0x000000008a4b67c8,0x0000000090400000)
 Metaspace       used 23406K, capacity 25130K, committed 25472K, reserved 1071104K
  class space    used 3302K, capacity 3614K, committed 3712K, reserved 1048576K
GC Heap History (10 events):
Event: 5.281 GC heap before
{Heap before GC invocations=4 (full 0):
 PSYoungGen      total 36864K, used 11061K [0x00000000d7100000, 0x00000000db900000, 0x0000000100000000)
  eden space 31744K, 18% used [0x00000000d7100000,0x00000000d76d0a80,0x00000000d9000000)
  from space 5120K, 99% used [0x00000000d9000000,0x00000000d94fcb80,0x00000000d9500000)
  to   space 5120K, 0% used [0x00000000db400000,0x00000000db400000,0x00000000db900000)
 ParOldGen       total 84992K, used 33727K [0x0000000085200000, 0x000000008a500000, 0x00000000d7100000)
  object space 84992K, 39% used [0x0000000085200000,0x00000000872efe20,0x000000008a500000)
 Metaspace       used 20268K, capacity 21142K, committed 21248K, reserved 1067008K
  class space    used 2783K, capacity 3022K, committed 3072K, reserved 1048576K
Event: 5.288 GC heap after
Heap after GC invocations=4 (full 0):
 PSYoungGen      total 68608K, used 5113K [0x00000000d7100000, 0x00000000db900000, 0x0000000100000000)
  eden space 63488K, 0% used [0x00000000d7100000,0x00000000d7100000,0x00000000daf00000)
  from space 5120K, 99% used [0x00000000db400000,0x00000000db8fe588,0x00000000db900000)
  to   space 5120K, 0% used [0x00000000daf00000,0x00000000daf00000,0x00000000db400000)
 ParOldGen       total 84992K, used 37992K [0x0000000085200000, 0x000000008a500000, 0x00000000d7100000)
  object space 84992K, 44% used [0x0000000085200000,0x000000008771a360,0x000000008a500000)
 Metaspace       used 20268K, capacity 21142K, committed 21248K, reserved 1067008K
  class space    used 2783K, capacity 3022K, committed 3072K, reserved 1048576K
}
Event: 5.288 GC heap before
{Heap before GC invocations=5 (full 1):
 PSYoungGen      total 68608K, used 5113K [0x00000000d7100000, 0x00000000db900000, 0x0000000100000000)
  eden space 63488K, 0% used [0x00000000d7100000,0x00000000d7100000,0x00000000daf00000)
  from space 5120K, 99% used [0x00000000db400000,0x00000000db8fe588,0x00000000db900000)
  to   space 5120K, 0% used [0x00000000daf00000,0x00000000daf00000,0x00000000db400000)
 ParOldGen       total 84992K, used 37992K [0x0000000085200000, 0x000000008a500000, 0x00000000d7100000)
  object space 84992K, 44% used [0x0000000085200000,0x000000008771a360,0x000000008a500000)
 Metaspace       used 20268K, capacity 21142K, committed 21248K, reserved 1067008K
  class space    used 2783K, capacity 3022K, committed 3072K, reserved 1048576K
Event: 5.343 GC heap after
Heap after GC invocations=5 (full 1):
 PSYoungGen      total 68608K, used 0K [0x00000000d7100000, 0x00000000db900000, 0x0000000100000000)
  eden space 63488K, 0% used [0x00000000d7100000,0x00000000d7100000,0x00000000daf00000)
  from space 5120K, 0% used [0x00000000db400000,0x00000000db400000,0x00000000db900000)
  to   space 5120K, 0% used [0x00000000daf00000,0x00000000daf00000,0x00000000db400000)
 ParOldGen       total 103936K, used 42373K [0x0000000085200000, 0x000000008b780000, 0x00000000d7100000)
  object space 103936K, 40% used [0x0000000085200000,0x0000000087b61698,0x000000008b780000)
 Metaspace       used 20268K, capacity 21142K, committed 21248K, reserved 1067008K
  class space    used 2783K, capacity 3022K, committed 3072K, reserved 1048576K
}
Event: 5.622 GC heap before
{Heap before GC invocations=6 (full 1):
 PSYoungGen      total 68608K, used 63475K [0x00000000d7100000, 0x00000000db900000, 0x0000000100000000)
  eden space 63488K, 99% used [0x00000000d7100000,0x00000000daefcc90,0x00000000daf00000)
  from space 5120K, 0% used [0x00000000db400000,0x00000000db400000,0x00000000db900000)
  to   space 5120K, 0% used [0x00000000daf00000,0x00000000daf00000,0x00000000db400000)
 ParOldGen       total 103936K, used 42373K [0x0000000085200000, 0x000000008b780000, 0x00000000d7100000)
  object space 103936K, 40% used [0x0000000085200000,0x0000000087b61698,0x000000008b780000)
 Metaspace       used 22135K, capacity 23458K, committed 23680K, reserved 1069056K
  class space    used 3091K, capacity 3366K, committed 3456K, reserved 1048576K
Event: 5.647 GC heap after
Heap after GC invocations=6 (full 1):
 PSYoungGen      total 68608K, used 5088K [0x00000000d7100000, 0x00000000e4200000, 0x0000000100000000)
  eden space 63488K, 0% used [0x00000000d7100000,0x00000000d7100000,0x00000000daf00000)
  from space 5120K, 99% used [0x00000000daf00000,0x00000000db3f8050,0x00000000db400000)
  to   space 47616K, 0% used [0x00000000e1380000,0x00000000e1380000,0x00000000e4200000)
 ParOldGen       total 103936K, used 81708K [0x0000000085200000, 0x000000008b780000, 0x00000000d7100000)
  object space 103936K, 78% used [0x0000000085200000,0x000000008a1cb118,0x000000008b780000)
 Metaspace       used 22135K, capacity 23458K, committed 23680K, reserved 1069056K
  class space    used 3091K, capacity 3366K, committed 3456K, reserved 1048576K
}
Event: 5.647 GC heap before
{Heap before GC invocations=7 (full 2):
 PSYoungGen      total 68608K, used 5088K [0x00000000d7100000, 0x00000000e4200000, 0x0000000100000000)
  eden space 63488K, 0% used [0x00000000d7100000,0x00000000d7100000,0x00000000daf00000)
  from space 5120K, 99% used [0x00000000daf00000,0x00000000db3f8050,0x00000000db400000)
  to   space 47616K, 0% used [0x00000000e1380000,0x00000000e1380000,0x00000000e4200000)
 ParOldGen       total 103936K, used 81708K [0x0000000085200000, 0x000000008b780000, 0x00000000d7100000)
  object space 103936K, 78% used [0x0000000085200000,0x000000008a1cb118,0x000000008b780000)
 Metaspace       used 22135K, capacity 23458K, committed 23680K, reserved 1069056K
  class space    used 3091K, capacity 3366K, committed 3456K, reserved 1048576K
Event: 5.693 GC heap after
Heap after GC invocations=7 (full 2):
 PSYoungGen      total 68608K, used 0K [0x00000000d7100000, 0x00000000e4200000, 0x0000000100000000)
  eden space 63488K, 0% used [0x00000000d7100000,0x00000000d7100000,0x00000000daf00000)
  from space 5120K, 0% used [0x00000000daf00000,0x00000000daf00000,0x00000000db400000)
  to   space 47616K, 0% used [0x00000000e1380000,0x00000000e1380000,0x00000000e4200000)
 ParOldGen       total 182272K, used 84689K [0x0000000085200000, 0x0000000090400000, 0x00000000d7100000)
  object space 182272K, 46% used [0x0000000085200000,0x000000008a4b47c8,0x0000000090400000)
 Metaspace       used 22135K, capacity 23458K, committed 23680K, reserved 1069056K
  class space    used 3091K, capacity 3366K, committed 3456K, reserved 1048576K
}
Event: 5.920 GC heap before
{Heap before GC invocations=8 (full 2):
 PSYoungGen      total 68608K, used 63488K [0x00000000d7100000, 0x00000000e4200000, 0x0000000100000000)
  eden space 63488K, 100% used [0x00000000d7100000,0x00000000daf00000,0x00000000daf00000)
  from space 5120K, 0% used [0x00000000daf00000,0x00000000daf00000,0x00000000db400000)
  to   space 47616K, 0% used [0x00000000e1380000,0x00000000e1380000,0x00000000e4200000)
 ParOldGen       total 182272K, used 84689K [0x0000000085200000, 0x0000000090400000, 0x00000000d7100000)
  object space 182272K, 46% used [0x0000000085200000,0x000000008a4b47c8,0x0000000090400000)
 Metaspace       used 22746K, capacity 24142K, committed 24192K, reserved 1071104K
  class space    used 3178K, capacity 3454K, committed 3456K, reserved 1048576K
Event: 5.929 GC heap after
Heap after GC invocations=8 (full 2):
 PSYoungGen      total 136192K, used 43102K [0x00000000d7100000, 0x00000000e3e00000, 0x0000000100000000)
  eden space 92672K, 0% used [0x00000000d7100000,0x00000000d7100000,0x00000000dcb80000)
  from space 43520K, 99% used [0x00000000e1380000,0x00000000e3d97aa8,0x00000000e3e00000)
  to   space 55808K, 0% used [0x00000000dd100000,0x00000000dd100000,0x00000000e0780000)
 ParOldGen       total 182272K, used 84697K [0x0000000085200000, 0x0000000090400000, 0x00000000d7100000)
  object space 182272K, 46% used [0x0000000085200000,0x000000008a4b67c8,0x0000000090400000)
 Metaspace       used 22746K, capacity 24142K, committed 24192K, reserved 1071104K
  class space    used 3178K, capacity 3454K, committed 3456K, reserved 1048576K
}

