# JRE version: Java(TM) SE Runtime Environment (8.0_191-b12) (build 1.8.0_191-b12)
# Java VM: Java HotSpot(TM) 64-Bit Server VM (25.191-b12 mixed mode linux-amd64 compressed oops)
Heap:
 PSYoungGen      total 136192K, used 63424K [0x00000000d7100000, 0x00000000e3a80000, 0x0000000100000000)
  eden space 94208K, 23% used [0x00000000d7100000,0x00000000d864bee8,0x00000000dcd00000)
  from space 41984K, 99% used [0x00000000e1180000,0x00000000e3a242f8,0x00000000e3a80000)
  to   space 53760K, 0% used [0x00000000dd180000,0x00000000dd180000,0x00000000e0600000)
 ParOldGen       total 185856K, used 86503K [0x0000000085200000, 0x0000000090780000, 0x00000000d7100000)
  object space 185856K, 46% used [0x0000000085200000,0x000000008a679d80,0x0000000090780000)
 Metaspace       used 23435K, capacity 25142K, committed 25472K, reserved 1071104K
  class space    used 3302K, capacity 3614K, committed 3712K, reserved 1048576K
GC Heap History (10 events):
Event: 5.041 GC heap before
{Heap before GC invocations=4 (full 0):
 PSYoungGen      total 36864K, used 13936K [0x00000000d7100000, 0x00000000db900000, 0x0000000100000000)
  eden space 31744K, 27% used [0x00000000d7100000,0x00000000d799f690,0x00000000d9000000)
  from space 5120K, 99% used [0x00000000d9000000,0x00000000d94fcac8,0x00000000d9500000)
  to   space 5120K, 0% used [0x00000000db400000,0x00000000db400000,0x00000000db900000)
 ParOldGen       total 84992K, used 33762K [0x0000000085200000, 0x000000008a500000, 0x00000000d7100000)
  object space 84992K, 39% used [0x0000000085200000,0x00000000872f8b78,0x000000008a500000)
 Metaspace       used 20276K, capacity 21158K, committed 21248K, reserved 1067008K
  class space    used 2788K, capacity 3022K, committed 3072K, reserved 1048576K
Event: 5.048 GC heap after
Heap after GC invocations=4 (full 0):
 PSYoungGen      total 68608K, used 5104K [0x00000000d7100000, 0x00000000db900000, 0x0000000100000000)
  eden space 63488K, 0% used [0x00000000d7100000,0x00000000d7100000,0x00000000daf00000)
  from space 5120K, 99% used [0x00000000db400000,0x00000000db8fc068,0x00000000db900000)
  to   space 5120K, 0% used [0x00000000daf00000,0x00000000daf00000,0x00000000db400000)
 ParOldGen       total 84992K, used 40506K [0x0000000085200000, 0x000000008a500000, 0x00000000d7100000)
  object space 84992K, 47% used [0x0000000085200000,0x000000008798e9a8,0x000000008a500000)
 Metaspace       used 20276K, capacity 21158K, committed 21248K, reserved 1067008K
  class space    used 2788K, capacity 3022K, committed 3072K, reserved 1048576K
}
Event: 5.048 GC heap before
{Heap before GC invocations=5 (full 1):
 PSYoungGen      total 68608K, used 5104K [0x00000000d7100000, 0x00000000db900000, 0x0000000100000000)
  eden space 63488K, 0% used [0x00000000d7100000,0x00000000d7100000,0x00000000daf00000)
  from space 5120K, 99% used [0x00000000db400000,0x00000000db8fc068,0x00000000db900000)
  to   space 5120K, 0% used [0x00000000daf00000,0x00000000daf00000,0x00000000db400000)
 ParOldGen       total 84992K, used 40506K [0x0000000085200000, 0x000000008a500000, 0x00000000d7100000)
  object space 84992K, 47% used [0x0000000085200000,0x000000008798e9a8,0x000000008a500000)
 Metaspace       used 20276K, capacity 21158K, committed 21248K, reserved 1067008K
  class space    used 2788K, capacity 3022K, committed 3072K, reserved 1048576K
Event: 5.103 GC heap after
Heap after GC invocations=5 (full 1):
 PSYoungGen      total 68608K, used 0K [0x00000000d7100000, 0x00000000db900000, 0x0000000100000000)
  eden space 63488K, 0% used [0x00000000d7100000,0x00000000d7100000,0x00000000daf00000)
  from space 5120K, 0% used [0x00000000db400000,0x00000000db400000,0x00000000db900000)
  to   space 5120K, 0% used [0x00000000daf00000,0x00000000daf00000,0x00000000db400000)
 ParOldGen       total 105984K, used 44291K [0x0000000085200000, 0x000000008b980000, 0x00000000d7100000)
  object space 105984K, 41% used [0x0000000085200000,0x0000000087d40e90,0x000000008b980000)
 Metaspace       used 20276K, capacity 21158K, committed 21248K, reserved 1067008K
  class space    used 2788K, capacity 3022K, committed 3072K, reserved 1048576K
}
Event: 5.372 GC heap before
{Heap before GC invocations=6 (full 1):
 PSYoungGen      total 68608K, used 63488K [0x00000000d7100000, 0x00000000db900000, 0x0000000100000000)
  eden space 63488K, 100% used [0x00000000d7100000,0x00000000daf00000,0x00000000daf00000)
  from space 5120K, 0% used [0x00000000db400000,0x00000000db400000,0x00000000db900000)
  to   space 5120K, 0% used [0x00000000daf00000,0x00000000daf00000,0x00000000db400000)
 ParOldGen       total 105984K, used 44291K [0x0000000085200000, 0x000000008b980000, 0x00000000d7100000)
  object space 105984K, 41% used [0x0000000085200000,0x0000000087d40e90,0x000000008b980000)
 Metaspace       used 22126K, capacity 23410K, committed 23680K, reserved 1069056K
  class space    used 3091K, capacity 3366K, committed 3456K, reserved 1048576K
Event: 5.402 GC heap after
Heap after GC invocations=6 (full 1):
 PSYoungGen      total 68608K, used 5107K [0x00000000d7100000, 0x00000000e3f00000, 0x0000000100000000)
  eden space 63488K, 0% used [0x00000000d7100000,0x00000000d7100000,0x00000000daf00000)
  from space 5120K, 99% used [0x00000000daf00000,0x00000000db3fcc48,0x00000000db400000)
  to   space 46592K, 0% used [0x00000000e1180000,0x00000000e1180000,0x00000000e3f00000)
 ParOldGen       total 105984K, used 83070K [0x0000000085200000, 0x000000008b980000, 0x00000000d7100000)
  object space 105984K, 78% used [0x0000000085200000,0x000000008a31faf0,0x000000008b980000)
 Metaspace       used 22126K, capacity 23410K, committed 23680K, reserved 1069056K
  class space    used 3091K, capacity 3366K, committed 3456K, reserved 1048576K
}
Event: 5.402 GC heap before
{Heap before GC invocations=7 (full 2):
 PSYoungGen      total 68608K, used 5107K [0x00000000d7100000, 0x00000000e3f00000, 0x0000000100000000)
  eden space 63488K, 0% used [0x00000000d7100000,0x00000000d7100000,0x00000000daf00000)
  from space 5120K, 99% used [0x00000000daf00000,0x00000000db3fcc48,0x00000000db400000)
  to   space 46592K, 0% used [0x00000000e1180000,0x00000000e1180000,0x00000000e3f00000)
 ParOldGen       total 105984K, used 83070K [0x0000000085200000, 0x000000008b980000, 0x00000000d7100000)
  object space 105984K, 78% used [0x0000000085200000,0x000000008a31faf0,0x000000008b980000)
 Metaspace       used 22126K, capacity 23410K, committed 23680K, reserved 1069056K
  class space    used 3091K, capacity 3366K, committed 3456K, reserved 1048576K
Event: 5.451 GC heap after
Heap after GC invocations=7 (full 2):
 PSYoungGen      total 68608K, used 0K [0x00000000d7100000, 0x00000000e3f00000, 0x0000000100000000)
  eden space 63488K, 0% used [0x00000000d7100000,0x00000000d7100000,0x00000000daf00000)
  from space 5120K, 0% used [0x00000000daf00000,0x00000000daf00000,0x00000000db400000)
  to   space 46592K, 0% used [0x00000000e1180000,0x00000000e1180000,0x00000000e3f00000)
 ParOldGen       total 185856K, used 86495K [0x0000000085200000, 0x0000000090780000, 0x00000000d7100000)
  object space 185856K, 46% used [0x0000000085200000,0x000000008a677d80,0x0000000090780000)
 Metaspace       used 22126K, capacity 23410K, committed 23680K, reserved 1069056K
  class space    used 3091K, capacity 3366K, committed 3456K, reserved 1048576K
}
Event: 5.704 GC heap before
{Heap before GC invocations=8 (full 2):
 PSYoungGen      total 68608K, used 63488K [0x00000000d7100000, 0x00000000e3f00000, 0x0000000100000000)
  eden space 63488K, 100% used [0x00000000d7100000,0x00000000daf00000,0x00000000daf00000)
  from space 5120K, 0% used [0x00000000daf00000,0x00000000daf00000,0x00000000db400000)
  to   space 46592K, 0% used [0x00000000e1180000,0x00000000e1180000,0x00000000e3f00000)
 ParOldGen       total 185856K, used 86495K [0x0000000085200000, 0x0000000090780000, 0x00000000d7100000)
  object space 185856K, 46% used [0x0000000085200000,0x000000008a677d80,0x0000000090780000)
 Metaspace       used 22754K, capacity 24158K, committed 24192K, reserved 1071104K
  class space    used 3178K, capacity 3454K, committed 3456K, reserved 1048576K
Event: 5.735 GC heap after
Heap after GC invocations=8 (full 2):
 PSYoungGen      total 136192K, used 41616K [0x00000000d7100000, 0x00000000e3a80000, 0x0000000100000000)
  eden space 94208K, 0% used [0x00000000d7100000,0x00000000d7100000,0x00000000dcd00000)
  from space 41984K, 99% used [0x00000000e1180000,0x00000000e3a242f8,0x00000000e3a80000)
  to   space 53760K, 0% used [0x00000000dd180000,0x00000000dd180000,0x00000000e0600000)
 ParOldGen       total 185856K, used 86503K [0x0000000085200000, 0x0000000090780000, 0x00000000d7100000)
  object space 185856K, 46% used [0x0000000085200000,0x000000008a679d80,0x0000000090780000)
 Metaspace       used 22754K, capacity 24158K, committed 24192K, reserved 1071104K
  class space    used 3178K, capacity 3454K, committed 3456K, reserved 1048576K
}

