# JRE version: Java(TM) SE Runtime Environment (8.0_191-b12) (build 1.8.0_191-b12)
# Java VM: Java HotSpot(TM) 64-Bit Server VM (25.191-b12 mixed mode linux-amd64 compressed oops)
Heap:
 PSYoungGen      total 152576K, used 88965K [0x00000000d7100000, 0x00000000e4780000, 0x0000000100000000)
  eden space 107008K, 41% used [0x00000000d7100000,0x00000000d9be90c0,0x00000000dd980000)
  from space 45568K, 98% used [0x00000000e1680000,0x00000000e4278398,0x00000000e4300000)
  to   space 56320K, 0% used [0x00000000dd980000,0x00000000dd980000,0x00000000e1080000)
 ParOldGen       total 155136K, used 72123K [0x0000000085200000, 0x000000008e980000, 0x00000000d7100000)
  object space 155136K, 46% used [0x0000000085200000,0x000000008986ee88,0x000000008e980000)
 Metaspace       used 23911K, capacity 25634K, committed 25728K, reserved 1071104K
  class space    used 3328K, capacity 3632K, committed 3712K, reserved 1048576K
GC Heap History (10 events):
Event: 10.392 GC heap before
{Heap before GC invocations=4 (full 1):
 PSYoungGen      total 36864K, used 5104K [0x00000000d7100000, 0x00000000db900000, 0x0000000100000000)
  eden space 31744K, 0% used [0x00000000d7100000,0x00000000d7100000,0x00000000d9000000)
  from space 5120K, 99% used [0x00000000d9000000,0x00000000d94fc058,0x00000000d9500000)
  to   space 5120K, 0% used [0x00000000db400000,0x00000000db400000,0x00000000db900000)
 ParOldGen       total 84992K, used 11889K [0x0000000085200000, 0x000000008a500000, 0x00000000d7100000)
  object space 84992K, 13% used [0x0000000085200000,0x0000000085d9c5d8,0x000000008a500000)
 Metaspace       used 20306K, capacity 21218K, committed 21248K, reserved 1067008K
  class space    used 2814K, capacity 3066K, committed 3072K, reserved 1048576K
Event: 10.435 GC heap after
Heap after GC invocations=4 (full 1):
 PSYoungGen      total 36864K, used 0K [0x00000000d7100000, 0x00000000db900000, 0x0000000100000000)
  eden space 31744K, 0% used [0x00000000d7100000,0x00000000d7100000,0x00000000d9000000)
  from space 5120K, 0% used [0x00000000d9000000,0x00000000d9000000,0x00000000d9500000)
  to   space 5120K, 0% used [0x00000000db400000,0x00000000db400000,0x00000000db900000)
 ParOldGen       total 60928K, used 14959K [0x0000000085200000, 0x0000000088d80000, 0x00000000d7100000)
  object space 60928K, 24% used [0x0000000085200000,0x000000008609bf40,0x0000000088d80000)
 Metaspace       used 20306K, capacity 21218K, committed 21248K, reserved 1067008K
  class space    used 2814K, capacity 3066K, committed 3072K, reserved 1048576K
}
Event: 10.744 GC heap before
{Heap before GC invocations=5 (full 1):
 PSYoungGen      total 36864K, used 30836K [0x00000000d7100000, 0x00000000db900000, 0x0000000100000000)
  eden space 31744K, 97% used [0x00000000d7100000,0x00000000d8f1d288,0x00000000d9000000)
  from space 5120K, 0% used [0x00000000d9000000,0x00000000d9000000,0x00000000d9500000)
  to   space 5120K, 0% used [0x00000000db400000,0x00000000db400000,0x00000000db900000)
 ParOldGen       total 60928K, used 14959K [0x0000000085200000, 0x0000000088d80000, 0x00000000d7100000)
  object space 60928K, 24% used [0x0000000085200000,0x000000008609bf40,0x0000000088d80000)
 Metaspace       used 20902K, capacity 21898K, committed 22144K, reserved 1069056K
  class space    used 2896K, capacity 3142K, committed 3200K, reserved 1048576K
Event: 10.759 GC heap after
Heap after GC invocations=5 (full 1):
 PSYoungGen      total 68096K, used 5088K [0x00000000d7100000, 0x00000000db900000, 0x0000000100000000)
  eden space 62976K, 0% used [0x00000000d7100000,0x00000000d7100000,0x00000000dae80000)
  from space 5120K, 99% used [0x00000000db400000,0x00000000db8f8060,0x00000000db900000)
  to   space 5120K, 0% used [0x00000000daf00000,0x00000000daf00000,0x00000000db400000)
 ParOldGen       total 60928K, used 31034K [0x0000000085200000, 0x0000000088d80000, 0x00000000d7100000)
  object space 60928K, 50% used [0x0000000085200000,0x000000008704e8c8,0x0000000088d80000)
 Metaspace       used 20902K, capacity 21898K, committed 22144K, reserved 1069056K
  class space    used 2896K, capacity 3142K, committed 3200K, reserved 1048576K
}
Event: 11.325 GC heap before
{Heap before GC invocations=6 (full 1):
 PSYoungGen      total 68096K, used 67805K [0x00000000d7100000, 0x00000000db900000, 0x0000000100000000)
  eden space 62976K, 99% used [0x00000000d7100000,0x00000000dae3f570,0x00000000dae80000)
  from space 5120K, 99% used [0x00000000db400000,0x00000000db8f8060,0x00000000db900000)
  to   space 5120K, 0% used [0x00000000daf00000,0x00000000daf00000,0x00000000db400000)
 ParOldGen       total 60928K, used 31034K [0x0000000085200000, 0x0000000088d80000, 0x00000000d7100000)
  object space 60928K, 50% used [0x0000000085200000,0x000000008704e8c8,0x0000000088d80000)
 Metaspace       used 22786K, capacity 24024K, committed 24192K, reserved 1071104K
  class space    used 3147K, capacity 3389K, committed 3456K, reserved 1048576K
Event: 11.352 GC heap after
Heap after GC invocations=6 (full 1):
 PSYoungGen      total 68608K, used 5088K [0x00000000d7100000, 0x00000000e4300000, 0x0000000100000000)
  eden space 63488K, 0% used [0x00000000d7100000,0x00000000d7100000,0x00000000daf00000)
  from space 5120K, 99% used [0x00000000daf00000,0x00000000db3f8050,0x00000000db400000)
  to   space 45568K, 0% used [0x00000000e1680000,0x00000000e1680000,0x00000000e4300000)
 ParOldGen       total 72192K, used 71581K [0x0000000085200000, 0x0000000089880000, 0x00000000d7100000)
  object space 72192K, 99% used [0x0000000085200000,0x00000000897e7618,0x0000000089880000)
 Metaspace       used 22786K, capacity 24024K, committed 24192K, reserved 1071104K
  class space    used 3147K, capacity 3389K, committed 3456K, reserved 1048576K
}
Event: 11.352 GC heap before
{Heap before GC invocations=7 (full 2):
 PSYoungGen      total 68608K, used 5088K [0x00000000d7100000, 0x00000000e4300000, 0x0000000100000000)
  eden space 63488K, 0% used [0x00000000d7100000,0x00000000d7100000,0x00000000daf00000)
  from space 5120K, 99% used [0x00000000daf00000,0x00000000db3f8050,0x00000000db400000)
  to   space 45568K, 0% used [0x00000000e1680000,0x00000000e1680000,0x00000000e4300000)
 ParOldGen       total 72192K, used 71581K [0x0000000085200000, 0x0000000089880000, 0x00000000d7100000)
  object space 72192K, 99% used [0x0000000085200000,0x00000000897e7618,0x0000000089880000)
 Metaspace       used 22786K, capacity 24024K, committed 24192K, reserved 1071104K
  class space    used 3147K, capacity 3389K, committed 3456K, reserved 1048576K
Event: 11.441 GC heap after
Heap after GC invocations=7 (full 2):
 PSYoungGen      total 68608K, used 3820K [0x00000000d7100000, 0x00000000e4300000, 0x0000000100000000)
  eden space 63488K, 0% used [0x00000000d7100000,0x00000000d7100000,0x00000000daf00000)
  from space 5120K, 74% used [0x00000000daf00000,0x00000000db2bb1d0,0x00000000db400000)
  to   space 45568K, 0% used [0x00000000e1680000,0x00000000e1680000,0x00000000e4300000)
 ParOldGen       total 155136K, used 72115K [0x0000000085200000, 0x000000008e980000, 0x00000000d7100000)
  object space 155136K, 46% used [0x0000000085200000,0x000000008986ce88,0x000000008e980000)
 Metaspace       used 22786K, capacity 24024K, committed 24192K, reserved 1071104K
  class space    used 3147K, capacity 3389K, committed 3456K, reserved 1048576K
}
Event: 11.802 GC heap before
{Heap before GC invocations=8 (full 2):
 PSYoungGen      total 68608K, used 66356K [0x00000000d7100000, 0x00000000e4300000, 0x0000000100000000)
  eden space 63488K, 98% used [0x00000000d7100000,0x00000000dae12138,0x00000000daf00000)
  from space 5120K, 74% used [0x00000000daf00000,0x00000000db2bb1d0,0x00000000db400000)
  to   space 45568K, 0% used [0x00000000e1680000,0x00000000e1680000,0x00000000e4300000)
 ParOldGen       total 155136K, used 72115K [0x0000000085200000, 0x000000008e980000, 0x00000000d7100000)
  object space 155136K, 46% used [0x0000000085200000,0x000000008986ce88,0x000000008e980000)
 Metaspace       used 23182K, capacity 24696K, committed 24832K, reserved 1071104K
  class space    used 3188K, capacity 3469K, committed 3584K, reserved 1048576K
Event: 11.829 GC heap after
Heap after GC invocations=8 (full 2):
 PSYoungGen      total 152576K, used 45024K [0x00000000d7100000, 0x00000000e4780000, 0x0000000100000000)
  eden space 107008K, 0% used [0x00000000d7100000,0x00000000d7100000,0x00000000dd980000)
  from space 45568K, 98% used [0x00000000e1680000,0x00000000e4278398,0x00000000e4300000)
  to   space 56320K, 0% used [0x00000000dd980000,0x00000000dd980000,0x00000000e1080000)
 ParOldGen       total 155136K, used 72123K [0x0000000085200000, 0x000000008e980000, 0x00000000d7100000)
  object space 155136K, 46% used [0x0000000085200000,0x000000008986ee88,0x000000008e980000)
 Metaspace       used 23182K, capacity 24696K, committed 24832K, reserved 1071104K
  class space    used 3188K, capacity 3469K, committed 3584K, reserved 1048576K
}

